2020-11-09 20:29:56,154 [INFO] Activator:176 - 


2020-11-09 20:29:56,156 [INFO] Activator:177 - !SESSION log4j initialized
2020-11-09 20:30:01,023 [INFO] ApplicationProperties:181 - Using Application install path: C:\ST\STM32CubeIDE_1.3.0\STM32CubeIDE\plugins\com.st.stm32cube.common.mx_5.6.0.202002181639
2020-11-09 20:30:01,035 [INFO] DbMcusXml:72 - Set database path to: C:\ST\STM32CubeIDE_1.3.0\STM32CubeIDE\plugins\com.st.stm32cube.common.mx_5.6.0.202002181639\\db\/mcu/
2020-11-09 20:30:01,038 [INFO] DbBoardsPdsc:54 - Set plugin database path to: C:\ST\STM32CubeIDE_1.3.0\STM32CubeIDE\plugins\com.st.stm32cube.common.mx_5.6.0.202002181639\\db\/plugins/boardmanager/
2020-11-09 20:30:01,039 [INFO] DbMcus:235 - Set plugin images path to: C:\ST\STM32CubeIDE_1.3.0\STM32CubeIDE\plugins\com.st.stm32cube.common.mx_5.6.0.202002181639\\db\/plugins/mcufinder/images/
2020-11-09 20:30:01,039 [INFO] DbBoards:232 - Set plugin images path to: C:\ST\STM32CubeIDE_1.3.0\STM32CubeIDE\plugins\com.st.stm32cube.common.mx_5.6.0.202002181639\\db\/plugins/mcufinder/images/
2020-11-09 20:30:01,045 [INFO] DbMcusAds:85 - Set database path to: C:\Users\matth\.stmcufinder\plugins\mcufinder//mcu/
2020-11-09 20:30:01,046 [INFO] DbMcusDocs:108 - Set database path to: C:\Users\matth\.stmcufinder\plugins\mcufinder//mcu/
2020-11-09 20:30:01,047 [INFO] DbMcusJson:61 - Set database path to: C:\Users\matth\.stmcufinder\plugins\mcufinder//mcu/
2020-11-09 20:30:01,048 [INFO] DbBoardsDocs:97 - Set database path to: C:\Users\matth\.stmcufinder\plugins\mcufinder//mcu/
2020-11-09 20:30:01,049 [INFO] DbBoardsJson:51 - Set database path to: C:\Users\matth\.stmcufinder\plugins\mcufinder//mcu/
2020-11-09 20:30:01,098 [INFO] CrossReferenceDbSqlite:197 - Set database path to: C:\Users\matth\.stmcufinder\plugins\mcufinder//mcu/cs/
2020-11-09 20:30:01,186 [INFO] RulesReader:52 - Compatibility file has been processed (208 Rules)
2020-11-09 20:30:01,273 [INFO] MicroXplorer:570 - Detected Java Version = 1.8.0_242
2020-11-09 20:30:01,274 [INFO] DbMcusXml:72 - Set database path to: C:\ST\STM32CubeIDE_1.3.0\STM32CubeIDE\plugins\com.st.stm32cube.common.mx_5.6.0.202002181639\\db\/mcu/
2020-11-09 20:30:01,274 [INFO] DbBoardsPdsc:54 - Set plugin database path to: C:\ST\STM32CubeIDE_1.3.0\STM32CubeIDE\plugins\com.st.stm32cube.common.mx_5.6.0.202002181639\\db\/plugins/boardmanager/
2020-11-09 20:30:01,274 [INFO] DbMcus:235 - Set plugin images path to: C:\ST\STM32CubeIDE_1.3.0\STM32CubeIDE\plugins\com.st.stm32cube.common.mx_5.6.0.202002181639\\db\/plugins/mcufinder/images/
2020-11-09 20:30:01,276 [INFO] DbBoards:232 - Set plugin images path to: C:\ST\STM32CubeIDE_1.3.0\STM32CubeIDE\plugins\com.st.stm32cube.common.mx_5.6.0.202002181639\\db\/plugins/mcufinder/images/
2020-11-09 20:30:01,276 [WARN] DbFile:36 - Overriding database path with different value: C:\Users\matth\.stmcufinder\plugins\mcufinder/ => C:\Users\matth\.stmcufinder\plugins\mcufinder
2020-11-09 20:30:01,276 [INFO] DbMcusAds:85 - Set database path to: C:\Users\matth\.stmcufinder\plugins\mcufinder//mcu/
2020-11-09 20:30:01,277 [WARN] DbFile:36 - Overriding database path with different value: C:\Users\matth\.stmcufinder\plugins\mcufinder/ => C:\Users\matth\.stmcufinder\plugins\mcufinder
2020-11-09 20:30:01,277 [INFO] DbMcusDocs:108 - Set database path to: C:\Users\matth\.stmcufinder\plugins\mcufinder//mcu/
2020-11-09 20:30:01,277 [WARN] DbFile:36 - Overriding database path with different value: C:\Users\matth\.stmcufinder\plugins\mcufinder/ => C:\Users\matth\.stmcufinder\plugins\mcufinder
2020-11-09 20:30:01,277 [INFO] DbMcusJson:61 - Set database path to: C:\Users\matth\.stmcufinder\plugins\mcufinder//mcu/
2020-11-09 20:30:01,277 [WARN] DbFile:36 - Overriding database path with different value: C:\Users\matth\.stmcufinder\plugins\mcufinder/ => C:\Users\matth\.stmcufinder\plugins\mcufinder
2020-11-09 20:30:01,278 [INFO] DbBoardsDocs:97 - Set database path to: C:\Users\matth\.stmcufinder\plugins\mcufinder//mcu/
2020-11-09 20:30:01,278 [WARN] DbFile:36 - Overriding database path with different value: C:\Users\matth\.stmcufinder\plugins\mcufinder/ => C:\Users\matth\.stmcufinder\plugins\mcufinder
2020-11-09 20:30:01,278 [INFO] DbBoardsJson:51 - Set database path to: C:\Users\matth\.stmcufinder\plugins\mcufinder//mcu/
2020-11-09 20:30:01,278 [WARN] DbFile:36 - Overriding database path with different value: C:\Users\matth\.stmcufinder\plugins\mcufinder/ => C:\Users\matth\.stmcufinder\plugins\mcufinder
2020-11-09 20:30:01,278 [WARN] DbFile:36 - Overriding database path with different value: C:\Users\matth\.stmcufinder\plugins\mcufinder/ => C:\Users\matth\.stmcufinder\plugins\mcufinder
2020-11-09 20:30:01,279 [INFO] CrossReferenceDbSqlite:197 - Set database path to: C:\Users\matth\.stmcufinder\plugins\mcufinder//mcu/cs/
2020-11-09 20:30:01,335 [INFO] MainPanel:181 - HeapMemory: 301989888
2020-11-09 20:30:01,404 [INFO] DbMcusXml:72 - Set database path to: C:\ST\STM32CubeIDE_1.3.0\STM32CubeIDE\plugins\com.st.stm32cube.common.mx_5.6.0.202002181639\\db\/mcu/
2020-11-09 20:30:01,404 [INFO] DbBoardsPdsc:54 - Set plugin database path to: C:\ST\STM32CubeIDE_1.3.0\STM32CubeIDE\plugins\com.st.stm32cube.common.mx_5.6.0.202002181639\\db\/plugins/boardmanager/
2020-11-09 20:30:01,404 [INFO] DbMcus:235 - Set plugin images path to: C:\ST\STM32CubeIDE_1.3.0\STM32CubeIDE\plugins\com.st.stm32cube.common.mx_5.6.0.202002181639\\db\/plugins/mcufinder/images/
2020-11-09 20:30:01,404 [INFO] DbBoards:232 - Set plugin images path to: C:\ST\STM32CubeIDE_1.3.0\STM32CubeIDE\plugins\com.st.stm32cube.common.mx_5.6.0.202002181639\\db\/plugins/mcufinder/images/
2020-11-09 20:30:01,405 [WARN] DbFile:36 - Overriding database path with different value: C:\Users\matth\.stmcufinder\plugins\mcufinder/ => C:\Users\matth\.stmcufinder\plugins\mcufinder
2020-11-09 20:30:01,405 [INFO] DbMcusAds:85 - Set database path to: C:\Users\matth\.stmcufinder\plugins\mcufinder//mcu/
2020-11-09 20:30:01,405 [WARN] DbFile:36 - Overriding database path with different value: C:\Users\matth\.stmcufinder\plugins\mcufinder/ => C:\Users\matth\.stmcufinder\plugins\mcufinder
2020-11-09 20:30:01,405 [INFO] DbMcusDocs:108 - Set database path to: C:\Users\matth\.stmcufinder\plugins\mcufinder//mcu/
2020-11-09 20:30:01,405 [WARN] DbFile:36 - Overriding database path with different value: C:\Users\matth\.stmcufinder\plugins\mcufinder/ => C:\Users\matth\.stmcufinder\plugins\mcufinder
2020-11-09 20:30:01,406 [INFO] DbMcusJson:61 - Set database path to: C:\Users\matth\.stmcufinder\plugins\mcufinder//mcu/
2020-11-09 20:30:01,406 [WARN] DbFile:36 - Overriding database path with different value: C:\Users\matth\.stmcufinder\plugins\mcufinder/ => C:\Users\matth\.stmcufinder\plugins\mcufinder
2020-11-09 20:30:01,406 [INFO] DbBoardsDocs:97 - Set database path to: C:\Users\matth\.stmcufinder\plugins\mcufinder//mcu/
2020-11-09 20:30:01,406 [WARN] DbFile:36 - Overriding database path with different value: C:\Users\matth\.stmcufinder\plugins\mcufinder/ => C:\Users\matth\.stmcufinder\plugins\mcufinder
2020-11-09 20:30:01,406 [INFO] DbBoardsJson:51 - Set database path to: C:\Users\matth\.stmcufinder\plugins\mcufinder//mcu/
2020-11-09 20:30:01,406 [WARN] DbFile:36 - Overriding database path with different value: C:\Users\matth\.stmcufinder\plugins\mcufinder/ => C:\Users\matth\.stmcufinder\plugins\mcufinder
2020-11-09 20:30:01,406 [WARN] DbFile:36 - Overriding database path with different value: C:\Users\matth\.stmcufinder\plugins\mcufinder/ => C:\Users\matth\.stmcufinder\plugins\mcufinder
2020-11-09 20:30:01,406 [INFO] CrossReferenceDbSqlite:197 - Set database path to: C:\Users\matth\.stmcufinder\plugins\mcufinder//mcu/cs/
2020-11-09 20:30:01,424 [INFO] ApplicationProperties:181 - Using Application install path: C:\ST\STM32CubeIDE_1.3.0\STM32CubeIDE\plugins\com.st.stm32cube.common.mx_5.6.0.202002181639
2020-11-09 20:30:01,425 [INFO] PluginManage:178 - Search for loadable plugins [exclusion list=, tutovideos]
2020-11-09 20:30:01,426 [INFO] PluginManage:292 - Check plugin analytics
2020-11-09 20:30:01,431 [INFO] PluginManage:342 - Loaded plugin analytics (category:tool,tabindex:-1)
2020-11-09 20:30:01,432 [INFO] PluginManage:292 - Check plugin clock
2020-11-09 20:30:01,442 [INFO] PluginManage:342 - Loaded plugin clock (category:base,tabindex:2)
2020-11-09 20:30:01,442 [INFO] PluginManage:292 - Check plugin ddr
2020-11-09 20:30:01,445 [INFO] PluginManage:342 - Loaded plugin ddr (category:tool,tabindex:6)
2020-11-09 20:30:01,445 [INFO] PluginManage:292 - Check plugin filemanager
2020-11-09 20:30:01,540 [INFO] PluginManage:342 - Loaded plugin filemanager (category:base,tabindex:10)
2020-11-09 20:30:01,541 [INFO] PluginManage:292 - Check plugin ipmanager
2020-11-09 20:30:01,549 [INFO] PluginManage:342 - Loaded plugin ipmanager (category:base,tabindex:5)
2020-11-09 20:30:01,549 [INFO] PluginManage:292 - Check plugin pinoutandconfiguration
2020-11-09 20:30:01,558 [INFO] PluginManage:342 - Loaded plugin pinoutandconfiguration (category:base,tabindex:1)
2020-11-09 20:30:01,558 [INFO] PluginManage:292 - Check plugin pinoutconfig
2020-11-09 20:30:01,583 [INFO] PluginManage:342 - Loaded plugin pinoutconfig (category:base,tabindex:0)
2020-11-09 20:30:01,583 [INFO] PluginManage:292 - Check plugin power
2020-11-09 20:30:01,592 [INFO] PluginManage:342 - Loaded plugin power (category:power,tabindex:4)
2020-11-09 20:30:01,592 [INFO] PluginManage:292 - Check plugin projectmanager
2020-11-09 20:30:01,606 [INFO] PluginManage:342 - Loaded plugin projectmanager (category:projectmanager,tabindex:3)
2020-11-09 20:30:01,606 [INFO] PluginManage:292 - Check plugin thirdparty
2020-11-09 20:30:01,651 [INFO] ThirdPartyDb:295 - Open Third Party DataBase File (C:/Users/matth/.stm32cubemx/plugins/thirdparty/db/thirdparties_db.xml) : 17 ms. number of Sw pack : 11
2020-11-09 20:30:01,659 [INFO] PluginManage:342 - Loaded plugin thirdparty (category:base,tabindex:-1)
2020-11-09 20:30:01,659 [INFO] PluginManage:292 - Check plugin tools
2020-11-09 20:30:01,661 [INFO] PluginManage:342 - Loaded plugin tools (category:base,tabindex:7)
2020-11-09 20:30:01,661 [INFO] PluginManage:292 - Check plugin tutovideos
2020-11-09 20:30:01,663 [INFO] PluginManage:347 - Ignore plugin tutovideos (category:base)
2020-11-09 20:30:01,663 [INFO] PluginManage:292 - Check plugin updater
2020-11-09 20:30:01,672 [INFO] PluginManage:342 - Loaded plugin updater (category:base,tabindex:12)
2020-11-09 20:30:01,672 [INFO] PluginManage:265 - PluginManage : Loaded plugins [12]
2020-11-09 20:30:01,841 [INFO] PinOutPanel:1420 - setPackage(No Configuration,No Configuration)
2020-11-09 20:30:01,913 [INFO] IPUIPlugin:65 - create IPUIPlugin
2020-11-09 20:30:01,914 [INFO] PluginManager:200 - loadIPPluginJar : add adc
2020-11-09 20:30:01,916 [INFO] IPUIPlugin:65 - create IPUIPlugin
2020-11-09 20:30:01,916 [INFO] PluginManager:200 - loadIPPluginJar : add aes
2020-11-09 20:30:01,919 [INFO] IPUIPlugin:65 - create IPUIPlugin
2020-11-09 20:30:01,919 [INFO] PluginManager:200 - loadIPPluginJar : add can
2020-11-09 20:30:01,920 [INFO] IPUIPlugin:65 - create IPUIPlugin
2020-11-09 20:30:01,920 [INFO] PluginManager:200 - loadIPPluginJar : add comp
2020-11-09 20:30:01,922 [INFO] IPUIPlugin:65 - create IPUIPlugin
2020-11-09 20:30:01,923 [INFO] PluginManager:200 - loadIPPluginJar : add cryp
2020-11-09 20:30:01,925 [INFO] IPUIPlugin:65 - create IPUIPlugin
2020-11-09 20:30:01,925 [INFO] PluginManager:200 - loadIPPluginJar : add dfsdm
2020-11-09 20:30:01,930 [INFO] IPUIPlugin:65 - create IPUIPlugin
2020-11-09 20:30:01,931 [INFO] PluginManager:200 - loadIPPluginJar : add dma
2020-11-09 20:30:01,932 [INFO] IPUIPlugin:65 - create IPUIPlugin
2020-11-09 20:30:01,932 [INFO] PluginManager:200 - loadIPPluginJar : add fatfs
2020-11-09 20:30:01,936 [INFO] IPUIPlugin:65 - create IPUIPlugin
2020-11-09 20:30:01,936 [INFO] PluginManager:200 - loadIPPluginJar : add fmc
2020-11-09 20:30:01,941 [INFO] IPUIPlugin:65 - create IPUIPlugin
2020-11-09 20:30:01,942 [INFO] PluginManager:200 - loadIPPluginJar : add freertos
2020-11-09 20:30:01,943 [INFO] IPUIPlugin:65 - create IPUIPlugin
2020-11-09 20:30:01,943 [INFO] PluginManager:200 - loadIPPluginJar : add genericplugin
2020-11-09 20:30:01,945 [INFO] IPUIPlugin:65 - create IPUIPlugin
2020-11-09 20:30:01,946 [INFO] PluginManager:200 - loadIPPluginJar : add gfxmmu
2020-11-09 20:30:01,950 [INFO] IPUIPlugin:65 - create IPUIPlugin
2020-11-09 20:30:01,950 [INFO] PluginManager:200 - loadIPPluginJar : add gic
2020-11-09 20:30:01,954 [INFO] IPUIPlugin:65 - create IPUIPlugin
2020-11-09 20:30:01,954 [INFO] PluginManager:200 - loadIPPluginJar : add gpio
2020-11-09 20:30:01,956 [INFO] IPUIPlugin:65 - create IPUIPlugin
2020-11-09 20:30:01,957 [INFO] PluginManager:200 - loadIPPluginJar : add gtzc
2020-11-09 20:30:01,959 [INFO] IPUIPlugin:65 - create IPUIPlugin
2020-11-09 20:30:01,959 [INFO] PluginManager:200 - loadIPPluginJar : add hash
2020-11-09 20:30:01,962 [INFO] IPUIPlugin:65 - create IPUIPlugin
2020-11-09 20:30:01,962 [INFO] PluginManager:200 - loadIPPluginJar : add i2c
2020-11-09 20:30:01,964 [INFO] IPUIPlugin:65 - create IPUIPlugin
2020-11-09 20:30:01,965 [INFO] PluginManager:200 - loadIPPluginJar : add i2s
2020-11-09 20:30:01,967 [INFO] IPUIPlugin:65 - create IPUIPlugin
2020-11-09 20:30:01,968 [INFO] PluginManager:200 - loadIPPluginJar : add ipddr
2020-11-09 20:30:01,976 [INFO] IPUIPlugin:65 - create IPUIPlugin
2020-11-09 20:30:01,977 [INFO] PluginManager:200 - loadIPPluginJar : add ltdc
2020-11-09 20:30:01,980 [INFO] IPUIPlugin:65 - create IPUIPlugin
2020-11-09 20:30:01,981 [INFO] PluginManager:200 - loadIPPluginJar : add mdma
2020-11-09 20:30:01,984 [INFO] IPUIPlugin:65 - create IPUIPlugin
2020-11-09 20:30:01,984 [INFO] PluginManager:200 - loadIPPluginJar : add nvic
2020-11-09 20:30:01,987 [INFO] IPUIPlugin:65 - create IPUIPlugin
2020-11-09 20:30:01,987 [INFO] PluginManager:200 - loadIPPluginJar : add opamp
2020-11-09 20:30:01,989 [INFO] IPUIPlugin:65 - create IPUIPlugin
2020-11-09 20:30:01,989 [INFO] PluginManager:200 - loadIPPluginJar : add pdm2pcm
2020-11-09 20:30:01,995 [INFO] IPUIPlugin:65 - create IPUIPlugin
2020-11-09 20:30:01,997 [INFO] PluginManager:200 - loadIPPluginJar : add plateformsettings
2020-11-09 20:30:01,999 [INFO] IPUIPlugin:65 - create IPUIPlugin
2020-11-09 20:30:01,999 [INFO] PluginManager:200 - loadIPPluginJar : add quadspi
2020-11-09 20:30:02,003 [INFO] IPUIPlugin:65 - create IPUIPlugin
2020-11-09 20:30:02,003 [INFO] PluginManager:200 - loadIPPluginJar : add resmgrutility
2020-11-09 20:30:02,005 [INFO] IPUIPlugin:65 - create IPUIPlugin
2020-11-09 20:30:02,005 [INFO] PluginManager:200 - loadIPPluginJar : add sai
2020-11-09 20:30:02,008 [INFO] IPUIPlugin:65 - create IPUIPlugin
2020-11-09 20:30:02,008 [INFO] PluginManager:200 - loadIPPluginJar : add spi
2020-11-09 20:30:02,011 [INFO] IPUIPlugin:65 - create IPUIPlugin
2020-11-09 20:30:02,012 [INFO] PluginManager:200 - loadIPPluginJar : add stm32_wpan
2020-11-09 20:30:02,014 [INFO] IPUIPlugin:65 - create IPUIPlugin
2020-11-09 20:30:02,014 [INFO] PluginManager:200 - loadIPPluginJar : add tim
2020-11-09 20:30:02,017 [INFO] IPUIPlugin:65 - create IPUIPlugin
2020-11-09 20:30:02,017 [INFO] PluginManager:200 - loadIPPluginJar : add touchsensing
2020-11-09 20:30:02,019 [INFO] IPUIPlugin:65 - create IPUIPlugin
2020-11-09 20:30:02,019 [INFO] PluginManager:200 - loadIPPluginJar : add tracer_emb
2020-11-09 20:30:02,021 [INFO] IPUIPlugin:65 - create IPUIPlugin
2020-11-09 20:30:02,021 [INFO] PluginManager:200 - loadIPPluginJar : add ts
2020-11-09 20:30:02,023 [INFO] IPUIPlugin:65 - create IPUIPlugin
2020-11-09 20:30:02,023 [INFO] PluginManager:200 - loadIPPluginJar : add tsc
2020-11-09 20:30:02,025 [INFO] IPUIPlugin:65 - create IPUIPlugin
2020-11-09 20:30:02,025 [INFO] PluginManager:200 - loadIPPluginJar : add ucpd
2020-11-09 20:30:02,028 [INFO] IPUIPlugin:65 - create IPUIPlugin
2020-11-09 20:30:02,028 [INFO] PluginManager:200 - loadIPPluginJar : add usart
2020-11-09 20:30:02,691 [INFO] BoardConnectionPanel:3472 - [DDR PANEL] STM32CubeIDE environment
2020-11-09 20:30:02,692 [INFO] MainDdrPanel:103 - [DDR PANEL] GETTER - cubeProgrammerPath is: null
2020-11-09 20:30:02,866 [FATAL] Updater:277 - Updater called before beeing initialized
2020-11-09 20:30:03,050 [FATAL] Updater:277 - Updater called before beeing initialized
2020-11-09 20:30:03,053 [INFO] PinOutPanel:1420 - setPackage(No Configuration,No Configuration)
2020-11-09 20:30:03,054 [FATAL] Updater:277 - Updater called before beeing initialized
2020-11-09 20:30:03,058 [INFO] BoardConnectionPanel:3472 - [DDR PANEL] STM32CubeIDE environment
2020-11-09 20:30:03,058 [INFO] MainDdrPanel:103 - [DDR PANEL] GETTER - cubeProgrammerPath is: C:\ST\STM32CubeIDE_1.3.0\STM32CubeIDE\plugins\com.st.stm32cube.ide.mcu.externaltools.cubeprogrammer.win32_1.3.0.202002181050\tools\bin
2020-11-09 20:30:03,063 [INFO] ProgrammerExecThread:148 - [ProgrammerAPI] CubeProgrammer command construction: C:\ST\STM32CubeIDE_1.3.0\STM32CubeIDE\plugins\com.st.stm32cube.ide.mcu.externaltools.cubeprogrammer.win32_1.3.0.202002181050\tools\bin\STM32_Programmer_CLI.exe -l
2020-11-09 20:30:04,664 [FATAL] Updater:277 - Updater called before beeing initialized
2020-11-09 20:30:04,664 [ERROR] IntegrityCheckThread:252 - Cannot obtain thirdParties list 21
2020-11-09 20:30:04,664 [ERROR] IntegrityCheckThread:100 - Unexpected exception IntegrityCheckThread Thread: Updater error
2020-11-09 20:30:04,665 [INFO] ThirdPartyDb:261 - Close Third Party DataBase File (C:/Users/matth/.stm32cubemx/plugins/thirdparty/db/thirdparties_db.xml)
2020-11-09 20:30:05,188 [INFO] MainDdrPanel:93 - [DDR PANEL] SETTER - Set cubeProgrammerPath to: C:\ST\STM32CubeIDE_1.3.0\STM32CubeIDE\plugins\com.st.stm32cube.ide.mcu.externaltools.cubeprogrammer.win32_1.3.0.202002181050\tools\bin
2020-11-09 20:30:05,199 [INFO] Updater:886 - Updater Version found : 5.6.0
2020-11-09 20:30:05,217 [INFO] ApplicationProperties:181 - Using Application install path: C:\ST\STM32CubeIDE_1.3.0\STM32CubeIDE\plugins\com.st.stm32cube.common.mx_5.6.0.202002181639
2020-11-09 20:30:05,326 [INFO] MainUpdater:2230 - connection check result : 10
2020-11-09 20:30:05,326 [INFO] MainUpdater:2874 - Updater definition file requires update
2020-11-09 20:30:05,327 [INFO] MainUpdater:236 - Updater Check For Update Now.
2020-11-09 20:30:05,327 [INFO] MicroXplorer:420 - Change Database Version : DB.5.0.60
2020-11-09 20:30:05,350 [INFO] ServerAccessManage:348 - Download File updaters.zip
2020-11-09 20:30:05,401 [INFO] FileExtend:225 - Unzip File : updaters.zip
2020-11-09 20:30:05,401 [INFO] FileExtend:240 - Standard Zip Deflate
2020-11-09 20:30:05,739 [INFO] ServerAccessManage:348 - Download File PacksControlFlags.xml
2020-11-09 20:30:05,772 [INFO] ServerAccessManage:348 - Download File cubemx.pidx
2020-11-09 20:30:06,116 [INFO] ServerAccessManage:348 - Download File STMicroelectronics.X-CUBE-AI.pdsc
2020-11-09 20:30:06,419 [INFO] ServerAccessManage:348 - Download File STMicroelectronics.X-CUBE-BLE1.pdsc
2020-11-09 20:30:07,151 [ERROR] ServerAccessManage:947 - Problem, file not found on Server
2020-11-09 20:30:07,316 [INFO] ServerAccessManage:348 - Download File STMicroelectronics.X-CUBE-BLE2.pdsc
2020-11-09 20:30:07,528 [INFO] ServerAccessManage:348 - Download File STMicroelectronics.X-CUBE-DISPLAY.pdsc
2020-11-09 20:30:07,843 [INFO] ServerAccessManage:348 - Download File STMicroelectronics.X-CUBE-GNSS1.pdsc
2020-11-09 20:30:08,401 [ERROR] ServerAccessManage:947 - Problem, file not found on Server
2020-11-09 20:30:08,799 [ERROR] ServerAccessManage:947 - Problem, file not found on Server
2020-11-09 20:30:09,241 [ERROR] ServerAccessManage:947 - Problem, file not found on Server
2020-11-09 20:30:09,712 [ERROR] ServerAccessManage:947 - Problem, file not found on Server
2020-11-09 20:30:10,123 [ERROR] ServerAccessManage:947 - Problem, file not found on Server
2020-11-09 20:30:10,618 [ERROR] ServerAccessManage:947 - Problem, file not found on Server
2020-11-09 20:30:11,952 [INFO] ServerAccessManage:348 - Download File STMicroelectronics.X-CUBE-MEMS1.pdsc
2020-11-09 20:30:12,618 [INFO] ServerAccessManage:348 - Download File STMicroelectronics.X-CUBE-NFC4.pdsc
2020-11-09 20:30:13,002 [INFO] ServerAccessManage:348 - Download File STMicroelectronics.X-CUBE-SUBG2.pdsc
2020-11-09 20:30:13,230 [INFO] ServerAccessManage:348 - Download File STMicroelectronics.X-CUBE-TOUCHGFX.pdsc
2020-11-09 20:30:13,709 [INFO] ServerAccessManage:348 - Download File STMicroelectronics.X-CUBE-ALGOBUILD.pdsc
2020-11-09 20:30:13,789 [INFO] LoadServerUpdatesThread:301 - End of LoadServerUpdate Thread
2020-11-09 20:30:13,809 [INFO] ThirdPartyDb:295 - Open Third Party DataBase File (C:/Users/matth/.stm32cubemx/plugins/thirdparty/db/thirdparties_db.xml) : 3 ms. number of Sw pack : 11
2020-11-09 20:30:13,822 [INFO] CheckServerUpdateThread:92 - End of CheckServer Thread
2020-11-09 20:30:13,835 [INFO] ThirdPartyDb:261 - Close Third Party DataBase File (C:/Users/matth/.stm32cubemx/plugins/thirdparty/db/thirdparties_db.xml)
2020-11-09 20:30:13,852 [INFO] ThirdPartyDb:295 - Open Third Party DataBase File (C:/Users/matth/.stm32cubemx/plugins/thirdparty/db/thirdparties_db.xml) : 2 ms. number of Sw pack : 12
2020-11-09 20:30:13,855 [INFO] ThirdPartyDb:261 - Close Third Party DataBase File (C:/Users/matth/.stm32cubemx/plugins/thirdparty/db/thirdparties_db.xml)
2020-11-09 20:30:13,867 [INFO] ThirdPartyDb:295 - Open Third Party DataBase File (C:/Users/matth/.stm32cubemx/plugins/thirdparty/db/thirdparties_db.xml) : 2 ms. number of Sw pack : 13
2020-11-09 20:30:13,871 [INFO] ThirdPartyDb:261 - Close Third Party DataBase File (C:/Users/matth/.stm32cubemx/plugins/thirdparty/db/thirdparties_db.xml)
2020-11-09 20:30:13,894 [INFO] ThirdPartyDb:295 - Open Third Party DataBase File (C:/Users/matth/.stm32cubemx/plugins/thirdparty/db/thirdparties_db.xml) : 3 ms. number of Sw pack : 14
2020-11-09 20:30:13,896 [INFO] ThirdPartyDb:261 - Close Third Party DataBase File (C:/Users/matth/.stm32cubemx/plugins/thirdparty/db/thirdparties_db.xml)
2020-11-09 20:30:13,908 [INFO] ThirdPartyDb:295 - Open Third Party DataBase File (C:/Users/matth/.stm32cubemx/plugins/thirdparty/db/thirdparties_db.xml) : 2 ms. number of Sw pack : 15
2020-11-09 20:30:13,912 [INFO] ThirdPartyDb:261 - Close Third Party DataBase File (C:/Users/matth/.stm32cubemx/plugins/thirdparty/db/thirdparties_db.xml)
2020-11-09 20:30:13,930 [INFO] ThirdPartyDb:295 - Open Third Party DataBase File (C:/Users/matth/.stm32cubemx/plugins/thirdparty/db/thirdparties_db.xml) : 3 ms. number of Sw pack : 16
2020-11-09 20:30:13,980 [INFO] MainUpdater:2230 - connection check result : 10
2020-11-09 20:30:13,981 [INFO] LogOutputStream:76 - [STDOUT_REDIRECT] Successfull proxy connection.
2020-11-09 20:30:14,106 [INFO] ThirdPartyDb:261 - Close Third Party DataBase File (C:/Users/matth/.stm32cubemx/plugins/thirdparty/db/thirdparties_db.xml)
2020-11-09 20:30:14,131 [INFO] ThirdPartyDb:295 - Open Third Party DataBase File (C:/Users/matth/.stm32cubemx/plugins/thirdparty/db/thirdparties_db.xml) : 5 ms. number of Sw pack : 17
2020-11-09 20:30:14,135 [INFO] ThirdPartyDb:261 - Close Third Party DataBase File (C:/Users/matth/.stm32cubemx/plugins/thirdparty/db/thirdparties_db.xml)
2020-11-09 20:30:14,161 [INFO] ThirdPartyDb:295 - Open Third Party DataBase File (C:/Users/matth/.stm32cubemx/plugins/thirdparty/db/thirdparties_db.xml) : 6 ms. number of Sw pack : 18
2020-11-09 20:30:14,163 [INFO] McuFinderGlobals:40 - Set McuFinder mode to 2 (CubeIDE integrated)
2020-11-09 20:30:14,165 [INFO] ThirdPartyDb:261 - Close Third Party DataBase File (C:/Users/matth/.stm32cubemx/plugins/thirdparty/db/thirdparties_db.xml)
2020-11-09 20:30:14,173 [INFO] FinderPluginLoader:86 - Searching for filters in installed packs
2020-11-09 20:30:14,174 [INFO] DbMcusXml:110 - Load MCU database from C:\ST\STM32CubeIDE_1.3.0\STM32CubeIDE\plugins\com.st.stm32cube.common.mx_5.6.0.202002181639\\db\/mcu/families.xml
2020-11-09 20:30:14,192 [INFO] ThirdPartyDb:295 - Open Third Party DataBase File (C:/Users/matth/.stm32cubemx/plugins/thirdparty/db/thirdparties_db.xml) : 7 ms. number of Sw pack : 19
2020-11-09 20:30:14,193 [INFO] ThirdPartyDb:261 - Close Third Party DataBase File (C:/Users/matth/.stm32cubemx/plugins/thirdparty/db/thirdparties_db.xml)
2020-11-09 20:30:14,223 [INFO] ThirdPartyDb:295 - Open Third Party DataBase File (C:/Users/matth/.stm32cubemx/plugins/thirdparty/db/thirdparties_db.xml) : 8 ms. number of Sw pack : 20
2020-11-09 20:30:14,229 [INFO] ThirdPartyDb:261 - Close Third Party DataBase File (C:/Users/matth/.stm32cubemx/plugins/thirdparty/db/thirdparties_db.xml)
2020-11-09 20:30:14,241 [INFO] PopulateThirdPartyThread:48 - Ending populate Thread
2020-11-09 20:30:14,257 [INFO] ThirdPartyDb:295 - Open Third Party DataBase File (C:/Users/matth/.stm32cubemx/plugins/thirdparty/db/thirdparties_db.xml) : 8 ms. number of Sw pack : 21
2020-11-09 20:30:14,258 [INFO] Engine:366 - softwarePackList size : 21
2020-11-09 20:30:14,265 [INFO] Engine:378 - compute dependency for SwPack X-CUBE-AI have been done, and update is requested
2020-11-09 20:30:14,271 [INFO] Engine:378 - compute dependency for SwPack X-CUBE-BLE1 have been done, and update is requested
2020-11-09 20:30:14,277 [INFO] Engine:378 - compute dependency for SwPack X-CUBE-BLE2 have been done, and update is requested
2020-11-09 20:30:14,288 [INFO] Engine:378 - compute dependency for SwPack X-CUBE-GNSS1 have been done, and update is requested
2020-11-09 20:30:14,425 [INFO] Engine:378 - compute dependency for SwPack X-CUBE-MEMS1 have been done, and update is requested
2020-11-09 20:30:14,435 [INFO] Engine:378 - compute dependency for SwPack X-CUBE-NFC4 have been done, and update is requested
2020-11-09 20:30:14,440 [INFO] Engine:378 - compute dependency for SwPack X-CUBE-SUBG2 have been done, and update is requested
2020-11-09 20:30:14,444 [INFO] Engine:382 - compute dependency for SwPack X-CUBE-TOUCHGFX have been done, no update is requested
2020-11-09 20:30:14,445 [INFO] Engine:378 - compute dependency for SwPack X-CUBE-ALGOBUILD have been done, and update is requested
2020-11-09 20:30:14,456 [INFO] Engine:378 - compute dependency for SwPack CMSIS have been done, and update is requested
2020-11-09 20:30:14,462 [INFO] Engine:382 - compute dependency for SwPack FreeRTOS have been done, no update is requested
2020-11-09 20:30:14,463 [INFO] Engine:378 - compute dependency for SwPack X-CUBE-AI have been done, and update is requested
2020-11-09 20:30:14,471 [INFO] Engine:378 - compute dependency for SwPack X-CUBE-BLE1 have been done, and update is requested
2020-11-09 20:30:14,477 [INFO] Engine:378 - compute dependency for SwPack X-CUBE-BLE2 have been done, and update is requested
2020-11-09 20:30:14,481 [INFO] Engine:378 - compute dependency for SwPack X-CUBE-DISPLAY have been done, and update is requested
2020-11-09 20:30:14,486 [INFO] Engine:378 - compute dependency for SwPack X-CUBE-GNSS1 have been done, and update is requested
2020-11-09 20:30:14,888 [INFO] Engine:378 - compute dependency for SwPack X-CUBE-MEMS1 have been done, and update is requested
2020-11-09 20:30:14,898 [INFO] Engine:378 - compute dependency for SwPack X-CUBE-NFC4 have been done, and update is requested
2020-11-09 20:30:14,903 [INFO] Engine:378 - compute dependency for SwPack X-CUBE-SUBG2 have been done, and update is requested
2020-11-09 20:30:14,908 [INFO] Engine:382 - compute dependency for SwPack X-CUBE-TOUCHGFX have been done, no update is requested
2020-11-09 20:30:14,909 [INFO] Engine:378 - compute dependency for SwPack X-CUBE-ALGOBUILD have been done, and update is requested
2020-11-09 20:30:14,913 [INFO] ThirdPartyDb:261 - Close Third Party DataBase File (C:/Users/matth/.stm32cubemx/plugins/thirdparty/db/thirdparties_db.xml)
2020-11-09 20:30:14,933 [INFO] ThirdPartyDb:295 - Open Third Party DataBase File (C:/Users/matth/.stm32cubemx/plugins/thirdparty/db/thirdparties_db.xml) : 3 ms. number of Sw pack : 21
2020-11-09 20:30:14,945 [INFO] ThirdParty:899 - CMSIS Pack Vendor :STMicroelectronics X-CUBE-AI 5.2.0
2020-11-09 20:30:14,946 [INFO] ThirdParty:899 - CMSIS Pack Vendor :STMicroelectronics X-CUBE-BLE1 6.0.0
2020-11-09 20:30:14,946 [INFO] ThirdParty:899 - CMSIS Pack Vendor :STMicroelectronics X-CUBE-AI 5.2.0
2020-11-09 20:30:14,947 [INFO] ThirdParty:899 - CMSIS Pack Vendor :STMicroelectronics X-CUBE-BLE1 6.0.0
2020-11-09 20:30:14,947 [INFO] ThirdParty:899 - CMSIS Pack Vendor :STMicroelectronics X-CUBE-AI 5.2.0
2020-11-09 20:30:14,947 [INFO] ThirdParty:899 - CMSIS Pack Vendor :STMicroelectronics X-CUBE-BLE2 3.0.0
2020-11-09 20:30:14,947 [INFO] DependencyParser:785 - This component is not compatible with the current MCU : [1604971814145]
2020-11-09 20:30:14,947 [INFO] ThirdPartyModel:521 - Component with status : MCU_INCOMPATIBLE for condition : GFX01M1_Condition id : 1604971814130
2020-11-09 20:30:14,947 [INFO] DependencyParser:785 - This component is not compatible with the current MCU : [1604971814145]
2020-11-09 20:30:14,947 [INFO] ThirdPartyModel:521 - Component with status : MCU_INCOMPATIBLE for condition : GFX01M1_HelloWorld_Condition id : 1604971814132
2020-11-09 20:30:14,948 [INFO] ThirdParty:899 - CMSIS Pack Vendor :STMicroelectronics X-CUBE-BLE1 6.0.0
2020-11-09 20:30:14,948 [INFO] ThirdParty:899 - CMSIS Pack Vendor :STMicroelectronics X-CUBE-DISPLAY 1.0.0
2020-11-09 20:30:14,948 [INFO] ThirdParty:899 - CMSIS Pack Vendor :STMicroelectronics X-CUBE-AI 5.2.0
2020-11-09 20:30:14,948 [INFO] ThirdParty:899 - CMSIS Pack Vendor :STMicroelectronics X-CUBE-BLE2 3.0.0
2020-11-09 20:30:14,953 [INFO] ThirdParty:899 - CMSIS Pack Vendor :STMicroelectronics X-CUBE-GNSS1 5.0.0
2020-11-09 20:30:14,953 [INFO] ThirdParty:899 - CMSIS Pack Vendor :STMicroelectronics X-CUBE-BLE1 6.0.0
2020-11-09 20:30:14,953 [INFO] ThirdParty:899 - CMSIS Pack Vendor :STMicroelectronics X-CUBE-DISPLAY 1.0.0
2020-11-09 20:30:14,953 [INFO] ThirdParty:899 - CMSIS Pack Vendor :STMicroelectronics X-CUBE-AI 5.2.0
2020-11-09 20:30:14,953 [INFO] ThirdParty:899 - CMSIS Pack Vendor :STMicroelectronics X-CUBE-BLE2 3.0.0
2020-11-09 20:30:15,044 [INFO] DbMcusJson:90 - JSON generation date=Thu Nov 05 11:05:07 EST 2020 (1604592307)
2020-11-09 20:30:15,049 [INFO] ThirdParty:899 - CMSIS Pack Vendor :STMicroelectronics X-CUBE-GNSS1 5.0.0
2020-11-09 20:30:15,050 [INFO] ThirdParty:899 - CMSIS Pack Vendor :STMicroelectronics X-CUBE-BLE1 6.0.0
2020-11-09 20:30:15,050 [INFO] ThirdParty:899 - CMSIS Pack Vendor :STMicroelectronics X-CUBE-MEMS1 8.1.1
2020-11-09 20:30:15,050 [INFO] ThirdParty:899 - CMSIS Pack Vendor :STMicroelectronics X-CUBE-DISPLAY 1.0.0
2020-11-09 20:30:15,050 [INFO] ThirdParty:899 - CMSIS Pack Vendor :STMicroelectronics X-CUBE-AI 5.2.0
2020-11-09 20:30:15,050 [INFO] ThirdParty:899 - CMSIS Pack Vendor :STMicroelectronics X-CUBE-BLE2 3.0.0
2020-11-09 20:30:15,059 [INFO] ThirdParty:899 - CMSIS Pack Vendor :STMicroelectronics X-CUBE-GNSS1 5.0.0
2020-11-09 20:30:15,059 [INFO] ThirdParty:899 - CMSIS Pack Vendor :STMicroelectronics X-CUBE-BLE1 6.0.0
2020-11-09 20:30:15,059 [INFO] ThirdParty:899 - CMSIS Pack Vendor :STMicroelectronics X-CUBE-MEMS1 8.1.1
2020-11-09 20:30:15,059 [INFO] ThirdParty:899 - CMSIS Pack Vendor :STMicroelectronics X-CUBE-DISPLAY 1.0.0
2020-11-09 20:30:15,059 [INFO] ThirdParty:899 - CMSIS Pack Vendor :STMicroelectronics X-CUBE-AI 5.2.0
2020-11-09 20:30:15,059 [INFO] ThirdParty:899 - CMSIS Pack Vendor :STMicroelectronics X-CUBE-BLE2 3.0.0
2020-11-09 20:30:15,059 [INFO] ThirdParty:899 - CMSIS Pack Vendor :STMicroelectronics X-CUBE-NFC4 2.0.0
2020-11-09 20:30:15,070 [INFO] ThirdParty:899 - CMSIS Pack Vendor :STMicroelectronics X-CUBE-GNSS1 5.0.0
2020-11-09 20:30:15,070 [INFO] ThirdParty:899 - CMSIS Pack Vendor :STMicroelectronics X-CUBE-SUBG2 2.0.0
2020-11-09 20:30:15,070 [INFO] ThirdParty:899 - CMSIS Pack Vendor :STMicroelectronics X-CUBE-BLE1 6.0.0
2020-11-09 20:30:15,070 [INFO] ThirdParty:899 - CMSIS Pack Vendor :STMicroelectronics X-CUBE-MEMS1 8.1.1
2020-11-09 20:30:15,070 [INFO] ThirdParty:899 - CMSIS Pack Vendor :STMicroelectronics X-CUBE-DISPLAY 1.0.0
2020-11-09 20:30:15,070 [INFO] ThirdParty:899 - CMSIS Pack Vendor :STMicroelectronics X-CUBE-AI 5.2.0
2020-11-09 20:30:15,070 [INFO] ThirdParty:899 - CMSIS Pack Vendor :STMicroelectronics X-CUBE-BLE2 3.0.0
2020-11-09 20:30:15,070 [INFO] ThirdParty:899 - CMSIS Pack Vendor :STMicroelectronics X-CUBE-NFC4 2.0.0
2020-11-09 20:30:15,080 [INFO] ThirdParty:899 - CMSIS Pack Vendor :STMicroelectronics X-CUBE-GNSS1 5.0.0
2020-11-09 20:30:15,080 [INFO] ThirdParty:899 - CMSIS Pack Vendor :STMicroelectronics X-CUBE-SUBG2 2.0.0
2020-11-09 20:30:15,080 [INFO] ThirdParty:899 - CMSIS Pack Vendor :STMicroelectronics X-CUBE-BLE1 6.0.0
2020-11-09 20:30:15,081 [INFO] ThirdParty:899 - CMSIS Pack Vendor :STMicroelectronics X-CUBE-MEMS1 8.1.1
2020-11-09 20:30:15,081 [INFO] ThirdParty:899 - CMSIS Pack Vendor :STMicroelectronics X-CUBE-DISPLAY 1.0.0
2020-11-09 20:30:15,081 [INFO] ThirdParty:899 - CMSIS Pack Vendor :STMicroelectronics X-CUBE-TOUCHGFX 4.15.0
2020-11-09 20:30:15,081 [INFO] ThirdParty:899 - CMSIS Pack Vendor :STMicroelectronics X-CUBE-AI 5.2.0
2020-11-09 20:30:15,081 [INFO] ThirdParty:899 - CMSIS Pack Vendor :STMicroelectronics X-CUBE-BLE2 3.0.0
2020-11-09 20:30:15,081 [INFO] ThirdParty:899 - CMSIS Pack Vendor :STMicroelectronics X-CUBE-NFC4 2.0.0
2020-11-09 20:30:15,088 [INFO] ThirdParty:899 - CMSIS Pack Vendor :STMicroelectronics X-CUBE-GNSS1 5.0.0
2020-11-09 20:30:15,089 [INFO] ThirdParty:899 - CMSIS Pack Vendor :STMicroelectronics X-CUBE-SUBG2 2.0.0
2020-11-09 20:30:15,089 [INFO] ThirdParty:899 - CMSIS Pack Vendor :STMicroelectronics X-CUBE-BLE1 6.0.0
2020-11-09 20:30:15,089 [INFO] ThirdParty:899 - CMSIS Pack Vendor :STMicroelectronics X-CUBE-MEMS1 8.1.1
2020-11-09 20:30:15,089 [INFO] ThirdParty:899 - CMSIS Pack Vendor :STMicroelectronics X-CUBE-DISPLAY 1.0.0
2020-11-09 20:30:15,089 [INFO] ThirdParty:899 - CMSIS Pack Vendor :STMicroelectronics X-CUBE-TOUCHGFX 4.15.0
2020-11-09 20:30:15,089 [INFO] ThirdParty:899 - CMSIS Pack Vendor :STMicroelectronics X-CUBE-AI 5.2.0
2020-11-09 20:30:15,089 [INFO] ThirdParty:899 - CMSIS Pack Vendor :STMicroelectronics X-CUBE-BLE2 3.0.0
2020-11-09 20:30:15,089 [INFO] ThirdParty:899 - CMSIS Pack Vendor :STMicroelectronics X-CUBE-NFC4 2.0.0
2020-11-09 20:30:15,089 [INFO] ThirdParty:899 - CMSIS Pack Vendor :STMicroelectronics X-CUBE-ALGOBUILD 1.1.0
2020-11-09 20:30:15,583 [INFO] DbMcus:171 - Found 1670 MCUs (1625 are supported by CubeMX, 1625 are visible in CubeMX)
2020-11-09 20:30:15,584 [INFO] ApiDb:158 - Load user favorites file C:\Users\matth/.stm32cubeide/favorites.mcus.txt: 0 item(s)
2020-11-09 20:30:15,584 [INFO] ApiDb:163 - User favorites MCUs=[]
2020-11-09 20:30:15,584 [INFO] DbMcus:183 - Set 0 / 0 favorites MCUs
2020-11-09 20:30:16,289 [INFO] DbMcusAds:143 - JSON generation date=Wed Oct 21 09:42:18 EDT 2020 (1603287738)
2020-11-09 20:30:16,623 [ERROR] ServerAccessManage:947 - Problem, file not found on Server
2020-11-09 20:30:16,623 [ERROR] ServerAccessManage:517 - Problem, file not found on Server : .
2020-11-09 20:30:16,624 [INFO] LoadUrlFilesThread:161 - End of LoadServerUrlFiles without Thread
2020-11-09 20:30:16,624 [WARN] McuDetailPanel:184 - Failed to get advertising image, set to default
2020-11-09 20:30:17,259 [INFO] ServerAccessManage:348 - Download File mcusAds.json._tmp_
2020-11-09 20:30:17,277 [INFO] LoadUrlFilesThread:134 - End of LoadUrlFiles Thread
2020-11-09 20:30:17,721 [INFO] ServerAccessManage:348 - Download File mcusDocs.json._tmp_
2020-11-09 20:30:17,843 [INFO] LoadUrlFilesThread:134 - End of LoadUrlFiles Thread
2020-11-09 20:30:18,109 [INFO] ServerAccessManage:348 - Download File mcusFeaturesAndDescription.json._tmp_
2020-11-09 20:30:18,773 [INFO] LoadUrlFilesThread:134 - End of LoadUrlFiles Thread
2020-11-09 20:30:19,043 [INFO] ServerAccessManage:348 - Download File boardsDocs.json._tmp_
2020-11-09 20:30:19,217 [INFO] LoadUrlFilesThread:134 - End of LoadUrlFiles Thread
2020-11-09 20:30:19,475 [INFO] ServerAccessManage:348 - Download File boards.json._tmp_
2020-11-09 20:30:19,589 [INFO] LoadUrlFilesThread:134 - End of LoadUrlFiles Thread
2020-11-09 20:30:20,029 [INFO] ServerAccessManage:348 - Download File crdb.zip
2020-11-09 20:30:20,458 [INFO] FileExtend:225 - Unzip File : crdb.zip
2020-11-09 20:30:20,459 [INFO] FileExtend:240 - Standard Zip Deflate
2020-11-09 20:30:20,501 [INFO] LoadUrlFilesThread:134 - End of LoadUrlFiles Thread
2020-11-09 20:30:20,502 [INFO] DbMcusAds:143 - JSON generation date=Wed Oct 21 09:42:18 EDT 2020 (1603287738)
2020-11-09 20:30:20,512 [INFO] DbMcusDocs:142 - JSON generation date=Thu Nov 05 11:05:07 EST 2020 (1604592307)
2020-11-09 20:30:20,666 [INFO] DbMcusDocs:77 - Found 601 MCUs documents
2020-11-09 20:30:20,668 [INFO] ApiDb:186 - Save user favorites file C:\Users\matth/.stm32cubeide/favorites.mcus.txt: 0 item(s)
2020-11-09 20:30:20,668 [INFO] ApiDb:191 - User favorites MCUs=[]
2020-11-09 20:30:20,668 [INFO] DbMcusXml:110 - Load MCU database from C:\ST\STM32CubeIDE_1.3.0\STM32CubeIDE\plugins\com.st.stm32cube.common.mx_5.6.0.202002181639\\db\/mcu/families.xml
2020-11-09 20:30:21,006 [INFO] DbMcusJson:90 - JSON generation date=Thu Nov 05 11:05:07 EST 2020 (1604592307)
2020-11-09 20:30:21,391 [INFO] DbMcus:171 - Found 1670 MCUs (1625 are supported by CubeMX, 1625 are visible in CubeMX)
2020-11-09 20:30:21,392 [INFO] ApiDb:158 - Load user favorites file C:\Users\matth/.stm32cubeide/favorites.mcus.txt: 0 item(s)
2020-11-09 20:30:21,392 [INFO] ApiDb:163 - User favorites MCUs=[]
2020-11-09 20:30:21,392 [INFO] DbMcus:183 - Set 0 / 0 favorites MCUs
2020-11-09 20:30:21,515 [INFO] McuFilterPanel:249 - Update 0 favorites MCUs
2020-11-09 20:30:21,722 [INFO] DbBoardsDocs:131 - JSON generation date=Thu Nov 05 11:05:07 EST 2020 (1604592307)
2020-11-09 20:30:21,737 [INFO] DbBoardsPdsc:92 - Found 22 items
2020-11-09 20:30:21,742 [INFO] DbBoardsPdsc:92 - Found 9 items
2020-11-09 20:30:21,748 [INFO] DbBoardsPdsc:92 - Found 28 items
2020-11-09 20:30:21,749 [INFO] DbBoardsPdsc:92 - Found 1 items
2020-11-09 20:30:21,754 [INFO] DbBoardsPdsc:92 - Found 40 items
2020-11-09 20:30:21,759 [INFO] DbBoardsPdsc:92 - Found 39 items
2020-11-09 20:30:21,761 [INFO] DbBoardsPdsc:92 - Found 2 items
2020-11-09 20:30:21,762 [INFO] DbBoardsPdsc:92 - Found 4 items
2020-11-09 20:30:21,767 [WARN] DbBoardsPdsc:256 - Board STM32H7B3I-DK: unknown feature type=Audio, name=, username=Audio stereo codec with Headphone Amp (CS42L51-CNZ), n=1
2020-11-09 20:30:21,767 [WARN] DbBoardsPdsc:256 - Board STM32H7B3I-DK: unknown feature type=WIFI, name=, username=WIFI 802.11 b/g/n, n=1
2020-11-09 20:30:21,769 [WARN] DbBoardsPdsc:256 - Board STM32H7B3I-EVAL: unknown feature type=Audio, name=, username=Multi-Channel Audio Codec (CS42L51-CNZ), n=1
2020-11-09 20:30:21,769 [WARN] DbBoardsPdsc:256 - Board STM32H7B3I-EVAL: unknown feature type=Meter, name=, username=Power-metering and Temperature-monitoring with sigma-delta modulators, n=1
2020-11-09 20:30:21,770 [WARN] DbBoardsPdsc:256 - Board STM32H7B3I-EVAL: unknown feature type=WIFI, name=, username=WIFI 802.11 a/b/g/n, n=1
2020-11-09 20:30:21,770 [WARN] DbBoardsPdsc:256 - Board STM32H7B3I-EVAL: unknown feature type=Motor, name=, username=Motor Control, n=1
2020-11-09 20:30:21,784 [INFO] DbBoardsJson:80 - JSON generation date=Thu Nov 05 09:55:26 EST 2020 (1604588126)
2020-11-09 20:30:21,792 [INFO] DbBoards:120 - Found 148 boards (142 are supported by CubeMX)
2020-11-09 20:30:21,803 [INFO] DbBoardsDocs:131 - JSON generation date=Thu Nov 05 11:05:07 EST 2020 (1604592307)
2020-11-09 20:30:21,819 [INFO] DbBoardsDocs:70 - Found 190 boards documents
2020-11-09 20:30:21,821 [WARN] DbBoards:130 - board NUCLEO-H743ZI2 has no document id list !
2020-11-09 20:30:21,822 [WARN] DbBoards:130 - board P-NUCLEO-WB55-Nucleo has no document id list !
2020-11-09 20:30:21,822 [WARN] DbBoards:130 - board P-NUCLEO-WB55-USBDongle has no document id list !
2020-11-09 20:30:21,822 [WARN] DbBoards:130 - board NUCLEO-WB35CE has no document id list !
2020-11-09 20:30:21,823 [WARN] DbBoards:130 - board STM32F401C-DISCO has no document id list !
2020-11-09 20:30:21,823 [WARN] DbBoards:130 - board STM32F769I-DISC1 has no document id list !
2020-11-09 20:30:21,824 [WARN] DbBoards:130 - board STM32L-DISCOVERY has no document id list !
2020-11-09 20:30:21,824 [WARN] DbBoards:130 - board STM32H747I-DISC1 has no document id list !
2020-11-09 20:30:21,824 [WARN] DbBoards:130 - board STM32MP157A-DK1 has no document id list !
2020-11-09 20:30:21,825 [WARN] DbBoards:130 - board STM32H743I-EVAL2 has no document id list !
2020-11-09 20:30:21,825 [WARN] DbBoards:130 - board STM32H753I-EVAL2 has no document id list !
2020-11-09 20:30:21,825 [WARN] DbBoards:130 - board STM32G474E-EVAL1 has no document id list !
2020-11-09 20:30:21,825 [WARN] DbBoards:130 - board STEVAL-BFA001V1B has no document id list !
2020-11-09 20:30:21,825 [WARN] DbBoards:130 - board STEVAL-BFA001V2B has no document id list !
2020-11-09 20:30:21,825 [WARN] DbBoards:130 - board STEVAL-MKSBOX1V1 has no document id list !
2020-11-09 20:30:21,825 [WARN] DbBoards:130 - board STEVAL-STWINKT1 has no document id list !
2020-11-09 20:30:21,825 [WARN] DbBoards:130 - board STEVAL-IDP005V1 has no document id list !
2020-11-09 20:30:21,825 [WARN] DbBoards:130 - board STEVAL-IDP005V2 has no document id list !
2020-11-09 20:30:22,821 [ERROR] DbBoards:192 - Image file not found for board B-L4S5I-IOT01A: C:\ST\STM32CubeIDE_1.3.0\STM32CubeIDE\plugins\com.st.stm32cube.common.mx_5.6.0.202002181639\\db\/plugins/mcufinder/images/boards/B-L4S5I-IOT01A_small.jpg
2020-11-09 20:30:22,822 [ERROR] DbBoards:192 - Image file not found for board STM32H735G-DK: C:\ST\STM32CubeIDE_1.3.0\STM32CubeIDE\plugins\com.st.stm32cube.common.mx_5.6.0.202002181639\\db\/plugins/mcufinder/images/boards/STM32H735G_DK_small.jpg
2020-11-09 20:30:22,822 [INFO] ApiDb:158 - Load user favorites file C:\Users\matth/.stm32cubeide/favorites.boards.txt: 0 item(s)
2020-11-09 20:30:22,822 [INFO] ApiDb:163 - User favorites Boards=[]
2020-11-09 20:30:22,822 [INFO] DbBoards:209 - Set 0 / 0 favorites Boards
2020-11-09 20:30:22,826 [INFO] DbBoardsDocs:70 - Found 380 boards documents
2020-11-09 20:30:22,826 [INFO] ApiDb:186 - Save user favorites file C:\Users\matth/.stm32cubeide/favorites.boards.txt: 0 item(s)
2020-11-09 20:30:22,826 [INFO] ApiDb:191 - User favorites Boards=[]
2020-11-09 20:30:22,828 [INFO] DbBoardsPdsc:92 - Found 22 items
2020-11-09 20:30:22,831 [INFO] DbBoardsPdsc:92 - Found 9 items
2020-11-09 20:30:22,833 [INFO] DbBoardsPdsc:92 - Found 28 items
2020-11-09 20:30:22,834 [INFO] DbBoardsPdsc:92 - Found 1 items
2020-11-09 20:30:22,837 [INFO] DbBoardsPdsc:92 - Found 40 items
2020-11-09 20:30:22,840 [INFO] DbBoardsPdsc:92 - Found 39 items
2020-11-09 20:30:22,841 [INFO] DbBoardsPdsc:92 - Found 2 items
2020-11-09 20:30:22,842 [INFO] DbBoardsPdsc:92 - Found 4 items
2020-11-09 20:30:22,843 [WARN] DbBoardsPdsc:256 - Board STM32H7B3I-DK: unknown feature type=Audio, name=, username=Audio stereo codec with Headphone Amp (CS42L51-CNZ), n=1
2020-11-09 20:30:22,843 [WARN] DbBoardsPdsc:256 - Board STM32H7B3I-DK: unknown feature type=WIFI, name=, username=WIFI 802.11 b/g/n, n=1
2020-11-09 20:30:22,845 [WARN] DbBoardsPdsc:256 - Board STM32H7B3I-EVAL: unknown feature type=Audio, name=, username=Multi-Channel Audio Codec (CS42L51-CNZ), n=1
2020-11-09 20:30:22,845 [WARN] DbBoardsPdsc:256 - Board STM32H7B3I-EVAL: unknown feature type=Meter, name=, username=Power-metering and Temperature-monitoring with sigma-delta modulators, n=1
2020-11-09 20:30:22,845 [WARN] DbBoardsPdsc:256 - Board STM32H7B3I-EVAL: unknown feature type=WIFI, name=, username=WIFI 802.11 a/b/g/n, n=1
2020-11-09 20:30:22,845 [WARN] DbBoardsPdsc:256 - Board STM32H7B3I-EVAL: unknown feature type=Motor, name=, username=Motor Control, n=1
2020-11-09 20:30:22,865 [INFO] DbBoardsJson:80 - JSON generation date=Thu Nov 05 09:55:26 EST 2020 (1604588126)
2020-11-09 20:30:22,868 [INFO] DbBoards:120 - Found 148 boards (142 are supported by CubeMX)
2020-11-09 20:30:22,868 [WARN] DbBoards:130 - board NUCLEO-H743ZI2 has no document id list !
2020-11-09 20:30:22,869 [WARN] DbBoards:130 - board P-NUCLEO-WB55-Nucleo has no document id list !
2020-11-09 20:30:22,869 [WARN] DbBoards:130 - board P-NUCLEO-WB55-USBDongle has no document id list !
2020-11-09 20:30:22,869 [WARN] DbBoards:130 - board NUCLEO-WB35CE has no document id list !
2020-11-09 20:30:22,870 [WARN] DbBoards:130 - board STM32F401C-DISCO has no document id list !
2020-11-09 20:30:22,870 [WARN] DbBoards:130 - board STM32F769I-DISC1 has no document id list !
2020-11-09 20:30:22,870 [WARN] DbBoards:130 - board STM32L-DISCOVERY has no document id list !
2020-11-09 20:30:22,870 [WARN] DbBoards:130 - board STM32H747I-DISC1 has no document id list !
2020-11-09 20:30:22,871 [WARN] DbBoards:130 - board STM32MP157A-DK1 has no document id list !
2020-11-09 20:30:22,871 [WARN] DbBoards:130 - board STM32H743I-EVAL2 has no document id list !
2020-11-09 20:30:22,871 [WARN] DbBoards:130 - board STM32H753I-EVAL2 has no document id list !
2020-11-09 20:30:22,871 [WARN] DbBoards:130 - board STM32G474E-EVAL1 has no document id list !
2020-11-09 20:30:22,872 [WARN] DbBoards:130 - board STEVAL-BFA001V1B has no document id list !
2020-11-09 20:30:22,872 [WARN] DbBoards:130 - board STEVAL-BFA001V2B has no document id list !
2020-11-09 20:30:22,872 [WARN] DbBoards:130 - board STEVAL-MKSBOX1V1 has no document id list !
2020-11-09 20:30:22,872 [WARN] DbBoards:130 - board STEVAL-STWINKT1 has no document id list !
2020-11-09 20:30:22,872 [WARN] DbBoards:130 - board STEVAL-IDP005V1 has no document id list !
2020-11-09 20:30:22,872 [WARN] DbBoards:130 - board STEVAL-IDP005V2 has no document id list !
2020-11-09 20:30:23,477 [ERROR] DbBoards:192 - Image file not found for board B-L4S5I-IOT01A: C:\ST\STM32CubeIDE_1.3.0\STM32CubeIDE\plugins\com.st.stm32cube.common.mx_5.6.0.202002181639\\db\/plugins/mcufinder/images/boards/B-L4S5I-IOT01A_small.jpg
2020-11-09 20:30:23,477 [ERROR] DbBoards:192 - Image file not found for board STM32H735G-DK: C:\ST\STM32CubeIDE_1.3.0\STM32CubeIDE\plugins\com.st.stm32cube.common.mx_5.6.0.202002181639\\db\/plugins/mcufinder/images/boards/STM32H735G_DK_small.jpg
2020-11-09 20:30:23,477 [INFO] ApiDb:158 - Load user favorites file C:\Users\matth/.stm32cubeide/favorites.boards.txt: 0 item(s)
2020-11-09 20:30:23,477 [INFO] ApiDb:163 - User favorites Boards=[]
2020-11-09 20:30:23,478 [INFO] DbBoards:209 - Set 0 / 0 favorites Boards
2020-11-09 20:30:23,625 [ERROR] ServerAccessManage:947 - Problem, file not found on Server
2020-11-09 20:30:23,626 [ERROR] ServerAccessManage:517 - Problem, file not found on Server : .
2020-11-09 20:30:23,626 [INFO] LoadUrlFilesThread:161 - End of LoadServerUrlFiles without Thread
2020-11-09 20:30:23,626 [ERROR] MultiScanPanel:745 - Unable to refresh data
2020-11-09 20:30:23,626 [INFO] McuFilterPanel:249 - Update 0 favorites MCUs
2020-11-09 20:30:23,848 [ERROR] ServerAccessManage:947 - Problem, file not found on Server
2020-11-09 20:30:23,848 [ERROR] ServerAccessManage:517 - Problem, file not found on Server : .
2020-11-09 20:30:23,848 [INFO] LoadUrlFilesThread:161 - End of LoadServerUrlFiles without Thread
2020-11-09 20:30:23,848 [WARN] BoardDetailPanel:183 - Failed to get advertising image, set to default
2020-11-09 20:30:24,177 [INFO] ServerAccessManage:348 - Download File mcusAds.json._tmp_
2020-11-09 20:30:24,196 [INFO] LoadUrlFilesThread:134 - End of LoadUrlFiles Thread
2020-11-09 20:30:24,451 [INFO] ServerAccessManage:348 - Download File mcusDocs.json._tmp_
2020-11-09 20:30:24,573 [INFO] LoadUrlFilesThread:134 - End of LoadUrlFiles Thread
2020-11-09 20:30:24,839 [INFO] ServerAccessManage:348 - Download File mcusFeaturesAndDescription.json._tmp_
2020-11-09 20:30:25,567 [INFO] LoadUrlFilesThread:134 - End of LoadUrlFiles Thread
2020-11-09 20:30:25,833 [INFO] ServerAccessManage:348 - Download File boardsDocs.json._tmp_
2020-11-09 20:30:26,021 [INFO] LoadUrlFilesThread:134 - End of LoadUrlFiles Thread
2020-11-09 20:30:26,284 [INFO] ServerAccessManage:348 - Download File boards.json._tmp_
2020-11-09 20:30:26,401 [INFO] LoadUrlFilesThread:134 - End of LoadUrlFiles Thread
2020-11-09 20:30:26,692 [INFO] ServerAccessManage:348 - Download File crdb.zip
2020-11-09 20:30:27,130 [INFO] FileExtend:225 - Unzip File : crdb.zip
2020-11-09 20:30:27,132 [INFO] FileExtend:240 - Standard Zip Deflate
2020-11-09 20:30:27,179 [INFO] LoadUrlFilesThread:134 - End of LoadUrlFiles Thread
2020-11-09 20:30:27,182 [INFO] DbMcusAds:143 - JSON generation date=Wed Oct 21 09:42:18 EDT 2020 (1603287738)
2020-11-09 20:30:27,189 [INFO] DbMcusDocs:142 - JSON generation date=Thu Nov 05 11:05:07 EST 2020 (1604592307)
2020-11-09 20:30:27,260 [INFO] DbMcusDocs:77 - Found 601 MCUs documents
2020-11-09 20:30:27,262 [INFO] ApiDb:186 - Save user favorites file C:\Users\matth/.stm32cubeide/favorites.mcus.txt: 0 item(s)
2020-11-09 20:30:27,262 [INFO] ApiDb:191 - User favorites MCUs=[]
2020-11-09 20:30:27,263 [INFO] DbMcusXml:110 - Load MCU database from C:\ST\STM32CubeIDE_1.3.0\STM32CubeIDE\plugins\com.st.stm32cube.common.mx_5.6.0.202002181639\\db\/mcu/families.xml
2020-11-09 20:30:27,659 [INFO] DbMcusJson:90 - JSON generation date=Thu Nov 05 11:05:07 EST 2020 (1604592307)
2020-11-09 20:30:27,950 [INFO] DbMcus:171 - Found 1670 MCUs (1625 are supported by CubeMX, 1625 are visible in CubeMX)
2020-11-09 20:30:27,950 [INFO] ApiDb:158 - Load user favorites file C:\Users\matth/.stm32cubeide/favorites.mcus.txt: 0 item(s)
2020-11-09 20:30:27,950 [INFO] ApiDb:163 - User favorites MCUs=[]
2020-11-09 20:30:27,950 [INFO] DbMcus:183 - Set 0 / 0 favorites MCUs
2020-11-09 20:30:27,977 [INFO] McuFilterPanel:249 - Update 0 favorites MCUs
2020-11-09 20:30:28,296 [INFO] DbBoardsDocs:131 - JSON generation date=Thu Nov 05 11:05:07 EST 2020 (1604592307)
2020-11-09 20:30:28,300 [INFO] DbBoardsDocs:70 - Found 190 boards documents
2020-11-09 20:30:28,302 [INFO] ApiDb:186 - Save user favorites file C:\Users\matth/.stm32cubeide/favorites.boards.txt: 0 item(s)
2020-11-09 20:30:28,302 [INFO] ApiDb:191 - User favorites Boards=[]
2020-11-09 20:30:28,304 [INFO] DbBoardsPdsc:92 - Found 22 items
2020-11-09 20:30:28,305 [INFO] DbBoardsPdsc:92 - Found 9 items
2020-11-09 20:30:28,307 [INFO] DbBoardsPdsc:92 - Found 28 items
2020-11-09 20:30:28,311 [INFO] DbBoardsPdsc:92 - Found 1 items
2020-11-09 20:30:28,317 [INFO] DbBoardsPdsc:92 - Found 40 items
2020-11-09 20:30:28,321 [INFO] DbBoardsPdsc:92 - Found 39 items
2020-11-09 20:30:28,322 [INFO] DbBoardsPdsc:92 - Found 2 items
2020-11-09 20:30:28,323 [INFO] DbBoardsPdsc:92 - Found 4 items
2020-11-09 20:30:28,324 [WARN] DbBoardsPdsc:256 - Board STM32H7B3I-DK: unknown feature type=Audio, name=, username=Audio stereo codec with Headphone Amp (CS42L51-CNZ), n=1
2020-11-09 20:30:28,324 [WARN] DbBoardsPdsc:256 - Board STM32H7B3I-DK: unknown feature type=WIFI, name=, username=WIFI 802.11 b/g/n, n=1
2020-11-09 20:30:28,325 [WARN] DbBoardsPdsc:256 - Board STM32H7B3I-EVAL: unknown feature type=Audio, name=, username=Multi-Channel Audio Codec (CS42L51-CNZ), n=1
2020-11-09 20:30:28,325 [WARN] DbBoardsPdsc:256 - Board STM32H7B3I-EVAL: unknown feature type=Meter, name=, username=Power-metering and Temperature-monitoring with sigma-delta modulators, n=1
2020-11-09 20:30:28,325 [WARN] DbBoardsPdsc:256 - Board STM32H7B3I-EVAL: unknown feature type=WIFI, name=, username=WIFI 802.11 a/b/g/n, n=1
2020-11-09 20:30:28,326 [WARN] DbBoardsPdsc:256 - Board STM32H7B3I-EVAL: unknown feature type=Motor, name=, username=Motor Control, n=1
2020-11-09 20:30:28,333 [INFO] DbBoardsJson:80 - JSON generation date=Thu Nov 05 09:55:26 EST 2020 (1604588126)
2020-11-09 20:30:28,338 [INFO] DbBoards:120 - Found 148 boards (142 are supported by CubeMX)
2020-11-09 20:30:28,338 [WARN] DbBoards:130 - board NUCLEO-H743ZI2 has no document id list !
2020-11-09 20:30:28,338 [WARN] DbBoards:130 - board P-NUCLEO-WB55-Nucleo has no document id list !
2020-11-09 20:30:28,338 [WARN] DbBoards:130 - board P-NUCLEO-WB55-USBDongle has no document id list !
2020-11-09 20:30:28,338 [WARN] DbBoards:130 - board NUCLEO-WB35CE has no document id list !
2020-11-09 20:30:28,339 [WARN] DbBoards:130 - board STM32F401C-DISCO has no document id list !
2020-11-09 20:30:28,339 [WARN] DbBoards:130 - board STM32F769I-DISC1 has no document id list !
2020-11-09 20:30:28,339 [WARN] DbBoards:130 - board STM32L-DISCOVERY has no document id list !
2020-11-09 20:30:28,339 [WARN] DbBoards:130 - board STM32H747I-DISC1 has no document id list !
2020-11-09 20:30:28,339 [WARN] DbBoards:130 - board STM32MP157A-DK1 has no document id list !
2020-11-09 20:30:28,339 [WARN] DbBoards:130 - board STM32H743I-EVAL2 has no document id list !
2020-11-09 20:30:28,339 [WARN] DbBoards:130 - board STM32H753I-EVAL2 has no document id list !
2020-11-09 20:30:28,339 [WARN] DbBoards:130 - board STM32G474E-EVAL1 has no document id list !
2020-11-09 20:30:28,339 [WARN] DbBoards:130 - board STEVAL-BFA001V1B has no document id list !
2020-11-09 20:30:28,339 [WARN] DbBoards:130 - board STEVAL-BFA001V2B has no document id list !
2020-11-09 20:30:28,339 [WARN] DbBoards:130 - board STEVAL-MKSBOX1V1 has no document id list !
2020-11-09 20:30:28,340 [WARN] DbBoards:130 - board STEVAL-STWINKT1 has no document id list !
2020-11-09 20:30:28,340 [WARN] DbBoards:130 - board STEVAL-IDP005V1 has no document id list !
2020-11-09 20:30:28,340 [WARN] DbBoards:130 - board STEVAL-IDP005V2 has no document id list !
2020-11-09 20:30:28,977 [ERROR] DbBoards:192 - Image file not found for board B-L4S5I-IOT01A: C:\ST\STM32CubeIDE_1.3.0\STM32CubeIDE\plugins\com.st.stm32cube.common.mx_5.6.0.202002181639\\db\/plugins/mcufinder/images/boards/B-L4S5I-IOT01A_small.jpg
2020-11-09 20:30:28,977 [ERROR] DbBoards:192 - Image file not found for board STM32H735G-DK: C:\ST\STM32CubeIDE_1.3.0\STM32CubeIDE\plugins\com.st.stm32cube.common.mx_5.6.0.202002181639\\db\/plugins/mcufinder/images/boards/STM32H735G_DK_small.jpg
2020-11-09 20:30:28,977 [INFO] ApiDb:158 - Load user favorites file C:\Users\matth/.stm32cubeide/favorites.boards.txt: 0 item(s)
2020-11-09 20:30:28,977 [INFO] ApiDb:163 - User favorites Boards=[]
2020-11-09 20:30:28,978 [INFO] DbBoards:209 - Set 0 / 0 favorites Boards
2020-11-09 20:30:28,980 [INFO] BoardFilterPanel:211 - Update 0 favorites Boards
2020-11-09 20:30:29,144 [ERROR] ServerAccessManage:947 - Problem, file not found on Server
2020-11-09 20:30:29,144 [ERROR] ServerAccessManage:517 - Problem, file not found on Server : .
2020-11-09 20:30:29,144 [INFO] LoadUrlFilesThread:161 - End of LoadServerUrlFiles without Thread
2020-11-09 20:30:29,145 [ERROR] MultiScanPanel:745 - Unable to refresh data
2020-11-09 20:30:29,145 [INFO] BoardFilterPanel:211 - Update 0 favorites Boards
2020-11-09 20:30:29,221 [INFO] CrossSelectorPresenter:1319 - Cross Selector saved comparison directory: C:\Users\matth\.stmcufinder\plugins\mcufinder\mcu\cs_comparisons_mx
2020-11-09 20:31:34,817 [INFO] LogOutputStream:76 - [STDOUT_REDIRECT] withoutVersionV1.25.2
2020-11-09 20:31:34,818 [INFO] LogOutputStream:76 - [STDOUT_REDIRECT] withoutVersionV1.25.1
2020-11-09 20:31:34,818 [INFO] LogOutputStream:76 - [STDOUT_REDIRECT] withoutVersionV1.25.0
2020-11-09 20:31:34,968 [INFO] LogOutputStream:76 - [STDOUT_REDIRECT] File copied successfully!!
2020-11-09 20:31:40,965 [INFO] MainUpdater:2230 - connection check result : 10
2020-11-09 20:31:41,023 [INFO] MicroXplorer:390 - Change Database Path : 
2020-11-09 20:31:41,023 [INFO] MicroXplorer:420 - Change Database Version : DB.5.0.60
2020-11-09 20:31:41,025 [INFO] PinOutPanel:1420 - setPackage(No Configuration,No Configuration)
2020-11-09 20:31:41,026 [INFO] UtilMem:74 - Begin LoadConfig() Used Memory: 367600904 Bytes (635437056)
2020-11-09 20:31:41,026 [INFO] MicroXplorer:390 - Change Database Path : 
2020-11-09 20:31:41,026 [INFO] MicroXplorer:420 - Change Database Version : DB.5.0.60
2020-11-09 20:31:41,026 [INFO] OpenFileManager:274 - Change cursor
2020-11-09 20:31:42,795 [INFO] ImportTextPane:162 - (OptionalMessage_ERROR) Unable to find key (Mcu.ThirdPartyNb) in loaded IOC file
2020-11-09 20:31:42,795 [INFO] ImportTextPane:162 - (OptionalMessage_ERROR) Unable to find key (Mcu.PinsNb) in loaded IOC file
2020-11-09 20:31:42,795 [INFO] ImportTextPane:162 - (OptionalMessage_ERROR) Unable to find key (Mcu.IPNb) in loaded IOC file
2020-11-09 20:31:43,054 [INFO] UtilMem:74 - End LoadConfig() Used Memory: 483735560 Bytes (635437056)
2020-11-09 20:31:43,057 [INFO] DependencyParser:785 - This component is not compatible with the current MCU : [1582599055876]
2020-11-09 20:31:43,058 [INFO] ThirdPartyModel:521 - Component with status : MCU_INCOMPATIBLE for condition : OS Tick GTIM id : 1582599055203
2020-11-09 20:31:43,058 [INFO] DependencyParser:785 - This component is not compatible with the current MCU : [1582599058452, 1582599055959]
2020-11-09 20:31:43,093 [INFO] ThirdParty:899 - CMSIS Pack Vendor :STMicroelectronics X-CUBE-BLE1 5.0.0
2020-11-09 20:31:43,093 [INFO] ThirdParty:899 - CMSIS Pack Vendor :STMicroelectronics X-CUBE-SUBG2 1.1.0
2020-11-09 20:31:43,093 [INFO] ThirdParty:899 - CMSIS Pack Vendor :STMicroelectronics X-CUBE-GNSS1 4.1.0
2020-11-09 20:31:43,093 [INFO] ThirdParty:899 - CMSIS Pack Vendor :ARM CMSIS 5.6.0
2020-11-09 20:31:43,093 [INFO] ThirdParty:899 - CMSIS Pack Vendor :STMicroelectronics X-CUBE-NFC4 1.5.1
2020-11-09 20:31:43,093 [INFO] ThirdParty:899 - CMSIS Pack Vendor :STMicroelectronics X-CUBE-MEMS1 8.1.1
2020-11-09 20:31:43,093 [INFO] ThirdParty:899 - CMSIS Pack Vendor :STMicroelectronics FreeRTOS 0.0.1
2020-11-09 20:31:43,093 [INFO] ThirdParty:899 - CMSIS Pack Vendor :STMicroelectronics X-CUBE-ALGOBUILD 1.0.0
2020-11-09 20:31:43,093 [INFO] ThirdParty:899 - CMSIS Pack Vendor :STMicroelectronics X-CUBE-ALGOBUILD 1.1.0
2020-11-09 20:31:43,093 [INFO] ThirdParty:899 - CMSIS Pack Vendor :STMicroelectronics X-CUBE-GNSS1 5.0.0
2020-11-09 20:31:43,093 [INFO] ThirdParty:899 - CMSIS Pack Vendor :STMicroelectronics X-CUBE-SUBG2 2.0.0
2020-11-09 20:31:43,093 [INFO] ThirdParty:899 - CMSIS Pack Vendor :STMicroelectronics X-CUBE-MEMS1 7.0.0
2020-11-09 20:31:43,094 [INFO] ThirdParty:899 - CMSIS Pack Vendor :STMicroelectronics X-CUBE-BLE1 6.0.0
2020-11-09 20:31:43,094 [INFO] ThirdParty:899 - CMSIS Pack Vendor :STMicroelectronics X-CUBE-TOUCHGFX 4.13.0
2020-11-09 20:31:43,094 [INFO] ThirdParty:899 - CMSIS Pack Vendor :STMicroelectronics X-CUBE-TOUCHGFX 4.15.0
2020-11-09 20:31:43,094 [INFO] ThirdParty:899 - CMSIS Pack Vendor :STMicroelectronics X-CUBE-AI 5.2.0
2020-11-09 20:31:43,094 [INFO] ThirdParty:899 - CMSIS Pack Vendor :STMicroelectronics X-CUBE-BLE2 3.0.0
2020-11-09 20:31:43,094 [INFO] ThirdParty:899 - CMSIS Pack Vendor :STMicroelectronics X-CUBE-NFC4 2.0.0
2020-11-09 20:31:43,094 [INFO] ThirdParty:899 - CMSIS Pack Vendor :STMicroelectronics X-CUBE-AI 5.0.0
2020-11-09 20:31:43,094 [INFO] ThirdParty:899 - CMSIS Pack Vendor :STMicroelectronics X-CUBE-BLE2 1.0.0
2020-11-09 20:31:43,270 [INFO] PinOutPanel:1420 - setPackage(No Configuration,No Configuration)
2020-11-09 20:31:43,271 [INFO] PinOutPanel:1420 - setPackage(STM32F405RGTx,LQFP64)
2020-11-09 20:31:43,631 [INFO] UtilMem:74 - Before build in PCC Used Memory: 361249088 Bytes (635437056)
2020-11-09 20:31:43,956 [INFO] SharedServices:71 - Folder for power plug-in: C:/Users/matth/.stm32cubemx/plugins/power
2020-11-09 20:31:43,989 [INFO] SharedServices:71 - Folder for power plug-in: C:/Users/matth/.stm32cubemx/plugins/power
2020-11-09 20:31:44,022 [INFO] SharedServices:71 - Folder for power plug-in: C:/Users/matth/.stm32cubemx/plugins/power
2020-11-09 20:31:44,025 [INFO] SharedServices:71 - Folder for power plug-in: C:/Users/matth/.stm32cubemx/plugins/power
2020-11-09 20:31:44,183 [INFO] UtilMem:74 - After build in PCC Used Memory: 419969344 Bytes (635437056)
2020-11-09 20:31:44,201 [INFO] IPUIPlugin:65 - create IPUIPlugin
2020-11-09 20:31:44,201 [INFO] IPUIPlugin:65 - create IPUIPlugin
2020-11-09 20:31:44,201 [INFO] IPUIPlugin:65 - create IPUIPlugin
2020-11-09 20:31:44,202 [INFO] IPUIPlugin:65 - create IPUIPlugin
2020-11-09 20:31:44,202 [INFO] IPUIPlugin:65 - create IPUIPlugin
2020-11-09 20:31:44,202 [INFO] IPUIPlugin:65 - create IPUIPlugin
2020-11-09 20:31:44,202 [INFO] IPUIPlugin:65 - create IPUIPlugin
2020-11-09 20:31:44,202 [INFO] IPUIPlugin:65 - create IPUIPlugin
2020-11-09 20:31:44,202 [INFO] IPUIPlugin:65 - create IPUIPlugin
2020-11-09 20:31:44,202 [INFO] IPUIPlugin:65 - create IPUIPlugin
2020-11-09 20:31:44,202 [INFO] IPUIPlugin:65 - create IPUIPlugin
2020-11-09 20:31:44,203 [INFO] IPUIPlugin:65 - create IPUIPlugin
2020-11-09 20:31:44,203 [INFO] IPUIPlugin:65 - create IPUIPlugin
2020-11-09 20:31:44,203 [INFO] IPUIPlugin:65 - create IPUIPlugin
2020-11-09 20:31:44,203 [INFO] IPUIPlugin:65 - create IPUIPlugin
2020-11-09 20:31:44,203 [INFO] IPUIPlugin:65 - create IPUIPlugin
2020-11-09 20:31:44,203 [INFO] IPUIPlugin:65 - create IPUIPlugin
2020-11-09 20:31:44,203 [INFO] IPUIPlugin:65 - create IPUIPlugin
2020-11-09 20:31:44,203 [INFO] IPUIPlugin:65 - create IPUIPlugin
2020-11-09 20:31:44,204 [INFO] IPUIPlugin:65 - create IPUIPlugin
2020-11-09 20:31:44,204 [INFO] IPUIPlugin:65 - create IPUIPlugin
2020-11-09 20:31:44,204 [INFO] IPUIPlugin:65 - create IPUIPlugin
2020-11-09 20:31:44,204 [INFO] IPUIPlugin:65 - create IPUIPlugin
2020-11-09 20:31:44,204 [INFO] IPUIPlugin:65 - create IPUIPlugin
2020-11-09 20:31:44,204 [INFO] IPUIPlugin:65 - create IPUIPlugin
2020-11-09 20:31:44,204 [INFO] IPUIPlugin:65 - create IPUIPlugin
2020-11-09 20:31:44,205 [INFO] IPUIPlugin:65 - create IPUIPlugin
2020-11-09 20:31:44,205 [INFO] IPUIPlugin:65 - create IPUIPlugin
2020-11-09 20:31:44,205 [INFO] IPUIPlugin:65 - create IPUIPlugin
2020-11-09 20:31:44,205 [INFO] IPUIPlugin:65 - create IPUIPlugin
2020-11-09 20:31:44,205 [INFO] IPUIPlugin:65 - create IPUIPlugin
2020-11-09 20:31:44,205 [INFO] IPUIPlugin:65 - create IPUIPlugin
2020-11-09 20:31:44,205 [INFO] IPUIPlugin:65 - create IPUIPlugin
2020-11-09 20:31:44,205 [INFO] IPUIPlugin:65 - create IPUIPlugin
2020-11-09 20:31:44,206 [INFO] IPUIPlugin:65 - create IPUIPlugin
2020-11-09 20:31:44,206 [INFO] IPUIPlugin:65 - create IPUIPlugin
2020-11-09 20:31:44,206 [INFO] IPUIPlugin:65 - create IPUIPlugin
2020-11-09 20:31:44,206 [INFO] IPUIPlugin:65 - create IPUIPlugin
2020-11-09 20:31:44,206 [INFO] IPUIPlugin:65 - create IPUIPlugin
2020-11-09 20:31:44,206 [INFO] IPUIPlugin:65 - create IPUIPlugin
2020-11-09 20:31:44,206 [INFO] IPUIPlugin:65 - create IPUIPlugin
2020-11-09 20:31:44,206 [INFO] IPUIPlugin:65 - create IPUIPlugin
2020-11-09 20:31:44,207 [INFO] IPUIPlugin:65 - create IPUIPlugin
2020-11-09 20:31:44,207 [INFO] IPUIPlugin:65 - create IPUIPlugin
2020-11-09 20:31:44,207 [INFO] IPUIPlugin:65 - create IPUIPlugin
2020-11-09 20:31:44,207 [INFO] IPUIPlugin:65 - create IPUIPlugin
2020-11-09 20:31:44,207 [INFO] IPUIPlugin:65 - create IPUIPlugin
2020-11-09 20:31:44,207 [INFO] IPUIPlugin:65 - create IPUIPlugin
2020-11-09 20:31:44,207 [INFO] IPUIPlugin:65 - create IPUIPlugin
2020-11-09 20:31:44,208 [INFO] IPUIPlugin:65 - create IPUIPlugin
2020-11-09 20:31:44,208 [INFO] IPUIPlugin:65 - create IPUIPlugin
2020-11-09 20:31:44,208 [INFO] IPUIPlugin:65 - create IPUIPlugin
2020-11-09 20:31:44,208 [INFO] IPUIPlugin:65 - create IPUIPlugin
2020-11-09 20:31:44,209 [INFO] IPUIPlugin:65 - create IPUIPlugin
2020-11-09 20:31:44,232 [INFO] LogOutputStream:76 - [STDOUT_REDIRECT] toolchainItems.length=====1
2020-11-09 20:31:44,302 [INFO] OpenFileManager:294 - Restore cursor
2020-11-09 20:31:44,483 [INFO] UtilMem:74 - End SaveConfig() Used Memory: 462434632 Bytes (635437056)
2020-11-09 20:31:46,188 [INFO] FileExtend:225 - Unzip File : stm32cube_fw_f4_v1250.zip
2020-11-09 20:31:46,189 [INFO] FileExtend:240 - Standard Zip Deflate
2020-11-09 20:32:33,531 [INFO] ServerAccessManage:348 - Download File stm32cube_fw_f4_v1252.zip
2020-11-09 20:32:40,419 [INFO] FileExtend:225 - Unzip File : stm32cube_fw_f4_v1252.zip
2020-11-09 20:32:40,420 [INFO] FileExtend:240 - Standard Zip Deflate
2020-11-09 20:32:40,947 [INFO] LoadServerPackagesThread:160 - End of LoadServerPackages Thread
2020-11-09 20:32:40,981 [INFO] CheckServerUpdateThread:92 - End of CheckServer Thread
2020-11-09 20:32:40,990 [INFO] UtilMem:74 - End SaveConfig() Used Memory: 676922680 Bytes (1073741824)
2020-11-09 20:32:41,385 [INFO] BlockDiagram:2671 - set Specific Code input for plugin: SYS
2020-11-09 20:32:41,385 [INFO] BlockDiagram:2671 - set Specific Code input for plugin: NVIC
2020-11-09 20:32:41,387 [INFO] CodeGenerator:603 - code generatio: config db path: C:\ST\STM32CubeIDE_1.3.0\STM32CubeIDE\plugins\com.st.stm32cube.common.mx_5.6.0.202002181639\\db\
2020-11-09 20:32:41,848 [INFO] CodeEngine:188 - oldGeneratedFile, C:\Users\matth\git\ElectricLongBoard\Electrical Design\Motor Controller\Rampado eSkate Motor Controller\STM32F405RGT_CubeIDE_Workspace\Rampado eSkate Motor Controller\MXTmpFiles\license.tmp_save
2020-11-09 20:32:42,177 [INFO] CodeEngine:206 - Generated code: C:\Users\matth\git\ElectricLongBoard\Electrical Design\Motor Controller\Rampado eSkate Motor Controller\STM32F405RGT_CubeIDE_Workspace\Rampado eSkate Motor Controller\MXTmpFiles\license.tmp
2020-11-09 20:32:42,286 [INFO] LogOutputStream:76 - [STDOUT_REDIRECT] Debug : prepare data for NVIC
2020-11-09 20:32:42,287 [INFO] LogOutputStream:76 - [STDOUT_REDIRECT] Command line test
2020-11-09 20:32:42,295 [INFO] CodeEngine:188 - oldGeneratedFile, C:\Users\matth\git\ElectricLongBoard\Electrical Design\Motor Controller\Rampado eSkate Motor Controller\STM32F405RGT_CubeIDE_Workspace\Rampado eSkate Motor Controller\Core\Src\stm32f4xx_it.c_save
2020-11-09 20:32:42,412 [INFO] CodeEngine:206 - Generated code: C:\Users\matth\git\ElectricLongBoard\Electrical Design\Motor Controller\Rampado eSkate Motor Controller\STM32F405RGT_CubeIDE_Workspace\Rampado eSkate Motor Controller\Core\Src\stm32f4xx_it.c
2020-11-09 20:32:42,420 [INFO] CodeEngine:188 - oldGeneratedFile, C:\Users\matth\git\ElectricLongBoard\Electrical Design\Motor Controller\Rampado eSkate Motor Controller\STM32F405RGT_CubeIDE_Workspace\Rampado eSkate Motor Controller\Core\Inc\stm32f4xx_it.h_save
2020-11-09 20:32:42,511 [INFO] CodeEngine:206 - Generated code: C:\Users\matth\git\ElectricLongBoard\Electrical Design\Motor Controller\Rampado eSkate Motor Controller\STM32F405RGT_CubeIDE_Workspace\Rampado eSkate Motor Controller\Core\Inc\stm32f4xx_it.h
2020-11-09 20:32:42,522 [INFO] CodeEngine:188 - oldGeneratedFile, C:\Users\matth\git\ElectricLongBoard\Electrical Design\Motor Controller\Rampado eSkate Motor Controller\STM32F405RGT_CubeIDE_Workspace\Rampado eSkate Motor Controller\Core\Src\stm32f4xx_hal_msp.c_save
2020-11-09 20:32:42,626 [INFO] CodeEngine:206 - Generated code: C:\Users\matth\git\ElectricLongBoard\Electrical Design\Motor Controller\Rampado eSkate Motor Controller\STM32F405RGT_CubeIDE_Workspace\Rampado eSkate Motor Controller\Core\Src\stm32f4xx_hal_msp.c
2020-11-09 20:32:42,633 [INFO] CodeEngine:188 - oldGeneratedFile, C:\Users\matth\git\ElectricLongBoard\Electrical Design\Motor Controller\Rampado eSkate Motor Controller\STM32F405RGT_CubeIDE_Workspace\Rampado eSkate Motor Controller\MXTmpFiles\system.tmp_save
2020-11-09 20:32:42,694 [INFO] CodeEngine:206 - Generated code: C:\Users\matth\git\ElectricLongBoard\Electrical Design\Motor Controller\Rampado eSkate Motor Controller\STM32F405RGT_CubeIDE_Workspace\Rampado eSkate Motor Controller\MXTmpFiles\system.tmp
2020-11-09 20:32:42,704 [INFO] CodeEngine:188 - oldGeneratedFile, C:\Users\matth\git\ElectricLongBoard\Electrical Design\Motor Controller\Rampado eSkate Motor Controller\STM32F405RGT_CubeIDE_Workspace\Rampado eSkate Motor Controller\Core\Inc\stm32f4xx_hal_conf.h_save
2020-11-09 20:32:42,801 [INFO] CodeEngine:206 - Generated code: C:\Users\matth\git\ElectricLongBoard\Electrical Design\Motor Controller\Rampado eSkate Motor Controller\STM32F405RGT_CubeIDE_Workspace\Rampado eSkate Motor Controller\Core\Inc\stm32f4xx_hal_conf.h
2020-11-09 20:32:42,823 [INFO] CodeEngine:188 - oldGeneratedFile, C:\Users\matth\git\ElectricLongBoard\Electrical Design\Motor Controller\Rampado eSkate Motor Controller\STM32F405RGT_CubeIDE_Workspace\Rampado eSkate Motor Controller\Core\Inc\main.h_save
2020-11-09 20:32:42,905 [INFO] CodeEngine:206 - Generated code: C:\Users\matth\git\ElectricLongBoard\Electrical Design\Motor Controller\Rampado eSkate Motor Controller\STM32F405RGT_CubeIDE_Workspace\Rampado eSkate Motor Controller\Core\Inc\main.h
2020-11-09 20:32:42,914 [INFO] CodeEngine:188 - oldGeneratedFile, C:\Users\matth\git\ElectricLongBoard\Electrical Design\Motor Controller\Rampado eSkate Motor Controller\STM32F405RGT_CubeIDE_Workspace\Rampado eSkate Motor Controller\Core\Src\main.c_save
2020-11-09 20:32:43,014 [INFO] CodeEngine:206 - Generated code: C:\Users\matth\git\ElectricLongBoard\Electrical Design\Motor Controller\Rampado eSkate Motor Controller\STM32F405RGT_CubeIDE_Workspace\Rampado eSkate Motor Controller\Core\Src\main.c
2020-11-09 20:32:43,533 [INFO] ProjectBuilder:2002 - Time for Copy HAL[1] : 99mS.
2020-11-09 20:32:43,539 [INFO] ProjectBuilder:2727 - Project Generator version: 3.7.1
2020-11-09 20:32:43,774 [INFO] ConfigFileManager:1066 - The Die is : DIE413
2020-11-09 20:32:50,889 [INFO] ProjectBuilder:2894 - Time for Generating toolchain IDE Files: 7350mS.
2020-11-09 20:32:50,890 [INFO] ProjectBuilder:1878 - Time for Copy CMSIS : 0mS.
2020-11-09 20:32:50,893 [INFO] ProjectBuilder:1878 - Time for Copy CMSIS : 0mS.
2020-11-09 20:40:46,538 [INFO] UtilMem:74 - End SaveConfig() Used Memory: 393494584 Bytes (1073741824)
2020-11-09 20:44:19,854 [INFO] Activator:176 - 


2020-11-09 20:44:19,857 [INFO] Activator:177 - !SESSION log4j initialized
2020-11-09 20:44:30,509 [INFO] ApplicationProperties:181 - Using Application install path: C:\ST\STM32CubeIDE_1.3.0\STM32CubeIDE\plugins\com.st.stm32cube.common.mx_5.6.0.202002181639
2020-11-09 20:44:30,529 [INFO] DbMcusXml:72 - Set database path to: C:\ST\STM32CubeIDE_1.3.0\STM32CubeIDE\plugins\com.st.stm32cube.common.mx_5.6.0.202002181639\\db\/mcu/
2020-11-09 20:44:30,533 [INFO] DbBoardsPdsc:54 - Set plugin database path to: C:\ST\STM32CubeIDE_1.3.0\STM32CubeIDE\plugins\com.st.stm32cube.common.mx_5.6.0.202002181639\\db\/plugins/boardmanager/
2020-11-09 20:44:30,533 [INFO] DbMcus:235 - Set plugin images path to: C:\ST\STM32CubeIDE_1.3.0\STM32CubeIDE\plugins\com.st.stm32cube.common.mx_5.6.0.202002181639\\db\/plugins/mcufinder/images/
2020-11-09 20:44:30,534 [INFO] DbBoards:232 - Set plugin images path to: C:\ST\STM32CubeIDE_1.3.0\STM32CubeIDE\plugins\com.st.stm32cube.common.mx_5.6.0.202002181639\\db\/plugins/mcufinder/images/
2020-11-09 20:44:30,540 [INFO] DbMcusAds:85 - Set database path to: C:\Users\matth\.stmcufinder\plugins\mcufinder//mcu/
2020-11-09 20:44:30,541 [INFO] DbMcusDocs:108 - Set database path to: C:\Users\matth\.stmcufinder\plugins\mcufinder//mcu/
2020-11-09 20:44:30,543 [INFO] DbMcusJson:61 - Set database path to: C:\Users\matth\.stmcufinder\plugins\mcufinder//mcu/
2020-11-09 20:44:30,543 [INFO] DbBoardsDocs:97 - Set database path to: C:\Users\matth\.stmcufinder\plugins\mcufinder//mcu/
2020-11-09 20:44:30,544 [INFO] DbBoardsJson:51 - Set database path to: C:\Users\matth\.stmcufinder\plugins\mcufinder//mcu/
2020-11-09 20:44:30,602 [INFO] CrossReferenceDbSqlite:197 - Set database path to: C:\Users\matth\.stmcufinder\plugins\mcufinder//mcu/cs/
2020-11-09 20:44:30,689 [INFO] RulesReader:52 - Compatibility file has been processed (208 Rules)
2020-11-09 20:44:30,767 [INFO] MicroXplorer:570 - Detected Java Version = 1.8.0_242
2020-11-09 20:44:30,767 [INFO] DbMcusXml:72 - Set database path to: C:\ST\STM32CubeIDE_1.3.0\STM32CubeIDE\plugins\com.st.stm32cube.common.mx_5.6.0.202002181639\\db\/mcu/
2020-11-09 20:44:30,767 [INFO] DbBoardsPdsc:54 - Set plugin database path to: C:\ST\STM32CubeIDE_1.3.0\STM32CubeIDE\plugins\com.st.stm32cube.common.mx_5.6.0.202002181639\\db\/plugins/boardmanager/
2020-11-09 20:44:30,768 [INFO] DbMcus:235 - Set plugin images path to: C:\ST\STM32CubeIDE_1.3.0\STM32CubeIDE\plugins\com.st.stm32cube.common.mx_5.6.0.202002181639\\db\/plugins/mcufinder/images/
2020-11-09 20:44:30,768 [INFO] DbBoards:232 - Set plugin images path to: C:\ST\STM32CubeIDE_1.3.0\STM32CubeIDE\plugins\com.st.stm32cube.common.mx_5.6.0.202002181639\\db\/plugins/mcufinder/images/
2020-11-09 20:44:30,769 [WARN] DbFile:36 - Overriding database path with different value: C:\Users\matth\.stmcufinder\plugins\mcufinder/ => C:\Users\matth\.stmcufinder\plugins\mcufinder
2020-11-09 20:44:30,769 [INFO] DbMcusAds:85 - Set database path to: C:\Users\matth\.stmcufinder\plugins\mcufinder//mcu/
2020-11-09 20:44:30,769 [WARN] DbFile:36 - Overriding database path with different value: C:\Users\matth\.stmcufinder\plugins\mcufinder/ => C:\Users\matth\.stmcufinder\plugins\mcufinder
2020-11-09 20:44:30,769 [INFO] DbMcusDocs:108 - Set database path to: C:\Users\matth\.stmcufinder\plugins\mcufinder//mcu/
2020-11-09 20:44:30,770 [WARN] DbFile:36 - Overriding database path with different value: C:\Users\matth\.stmcufinder\plugins\mcufinder/ => C:\Users\matth\.stmcufinder\plugins\mcufinder
2020-11-09 20:44:30,770 [INFO] DbMcusJson:61 - Set database path to: C:\Users\matth\.stmcufinder\plugins\mcufinder//mcu/
2020-11-09 20:44:30,770 [WARN] DbFile:36 - Overriding database path with different value: C:\Users\matth\.stmcufinder\plugins\mcufinder/ => C:\Users\matth\.stmcufinder\plugins\mcufinder
2020-11-09 20:44:30,770 [INFO] DbBoardsDocs:97 - Set database path to: C:\Users\matth\.stmcufinder\plugins\mcufinder//mcu/
2020-11-09 20:44:30,770 [WARN] DbFile:36 - Overriding database path with different value: C:\Users\matth\.stmcufinder\plugins\mcufinder/ => C:\Users\matth\.stmcufinder\plugins\mcufinder
2020-11-09 20:44:30,771 [INFO] DbBoardsJson:51 - Set database path to: C:\Users\matth\.stmcufinder\plugins\mcufinder//mcu/
2020-11-09 20:44:30,771 [WARN] DbFile:36 - Overriding database path with different value: C:\Users\matth\.stmcufinder\plugins\mcufinder/ => C:\Users\matth\.stmcufinder\plugins\mcufinder
2020-11-09 20:44:30,771 [WARN] DbFile:36 - Overriding database path with different value: C:\Users\matth\.stmcufinder\plugins\mcufinder/ => C:\Users\matth\.stmcufinder\plugins\mcufinder
2020-11-09 20:44:30,771 [INFO] CrossReferenceDbSqlite:197 - Set database path to: C:\Users\matth\.stmcufinder\plugins\mcufinder//mcu/cs/
2020-11-09 20:44:30,823 [INFO] MainPanel:181 - HeapMemory: 333447168
2020-11-09 20:44:30,899 [INFO] DbMcusXml:72 - Set database path to: C:\ST\STM32CubeIDE_1.3.0\STM32CubeIDE\plugins\com.st.stm32cube.common.mx_5.6.0.202002181639\\db\/mcu/
2020-11-09 20:44:30,899 [INFO] DbBoardsPdsc:54 - Set plugin database path to: C:\ST\STM32CubeIDE_1.3.0\STM32CubeIDE\plugins\com.st.stm32cube.common.mx_5.6.0.202002181639\\db\/plugins/boardmanager/
2020-11-09 20:44:30,899 [INFO] DbMcus:235 - Set plugin images path to: C:\ST\STM32CubeIDE_1.3.0\STM32CubeIDE\plugins\com.st.stm32cube.common.mx_5.6.0.202002181639\\db\/plugins/mcufinder/images/
2020-11-09 20:44:30,900 [INFO] DbBoards:232 - Set plugin images path to: C:\ST\STM32CubeIDE_1.3.0\STM32CubeIDE\plugins\com.st.stm32cube.common.mx_5.6.0.202002181639\\db\/plugins/mcufinder/images/
2020-11-09 20:44:30,900 [WARN] DbFile:36 - Overriding database path with different value: C:\Users\matth\.stmcufinder\plugins\mcufinder/ => C:\Users\matth\.stmcufinder\plugins\mcufinder
2020-11-09 20:44:30,900 [INFO] DbMcusAds:85 - Set database path to: C:\Users\matth\.stmcufinder\plugins\mcufinder//mcu/
2020-11-09 20:44:30,901 [WARN] DbFile:36 - Overriding database path with different value: C:\Users\matth\.stmcufinder\plugins\mcufinder/ => C:\Users\matth\.stmcufinder\plugins\mcufinder
2020-11-09 20:44:30,901 [INFO] DbMcusDocs:108 - Set database path to: C:\Users\matth\.stmcufinder\plugins\mcufinder//mcu/
2020-11-09 20:44:30,901 [WARN] DbFile:36 - Overriding database path with different value: C:\Users\matth\.stmcufinder\plugins\mcufinder/ => C:\Users\matth\.stmcufinder\plugins\mcufinder
2020-11-09 20:44:30,901 [INFO] DbMcusJson:61 - Set database path to: C:\Users\matth\.stmcufinder\plugins\mcufinder//mcu/
2020-11-09 20:44:30,901 [WARN] DbFile:36 - Overriding database path with different value: C:\Users\matth\.stmcufinder\plugins\mcufinder/ => C:\Users\matth\.stmcufinder\plugins\mcufinder
2020-11-09 20:44:30,902 [INFO] DbBoardsDocs:97 - Set database path to: C:\Users\matth\.stmcufinder\plugins\mcufinder//mcu/
2020-11-09 20:44:30,902 [WARN] DbFile:36 - Overriding database path with different value: C:\Users\matth\.stmcufinder\plugins\mcufinder/ => C:\Users\matth\.stmcufinder\plugins\mcufinder
2020-11-09 20:44:30,902 [INFO] DbBoardsJson:51 - Set database path to: C:\Users\matth\.stmcufinder\plugins\mcufinder//mcu/
2020-11-09 20:44:30,902 [WARN] DbFile:36 - Overriding database path with different value: C:\Users\matth\.stmcufinder\plugins\mcufinder/ => C:\Users\matth\.stmcufinder\plugins\mcufinder
2020-11-09 20:44:30,902 [WARN] DbFile:36 - Overriding database path with different value: C:\Users\matth\.stmcufinder\plugins\mcufinder/ => C:\Users\matth\.stmcufinder\plugins\mcufinder
2020-11-09 20:44:30,903 [INFO] CrossReferenceDbSqlite:197 - Set database path to: C:\Users\matth\.stmcufinder\plugins\mcufinder//mcu/cs/
2020-11-09 20:44:30,917 [INFO] ApplicationProperties:181 - Using Application install path: C:\ST\STM32CubeIDE_1.3.0\STM32CubeIDE\plugins\com.st.stm32cube.common.mx_5.6.0.202002181639
2020-11-09 20:44:30,918 [INFO] PluginManage:178 - Search for loadable plugins [exclusion list=, tutovideos]
2020-11-09 20:44:30,920 [INFO] PluginManage:292 - Check plugin analytics
2020-11-09 20:44:30,924 [INFO] PluginManage:342 - Loaded plugin analytics (category:tool,tabindex:-1)
2020-11-09 20:44:30,925 [INFO] PluginManage:292 - Check plugin clock
2020-11-09 20:44:30,934 [INFO] PluginManage:342 - Loaded plugin clock (category:base,tabindex:2)
2020-11-09 20:44:30,935 [INFO] PluginManage:292 - Check plugin ddr
2020-11-09 20:44:30,937 [INFO] PluginManage:342 - Loaded plugin ddr (category:tool,tabindex:6)
2020-11-09 20:44:30,937 [INFO] PluginManage:292 - Check plugin filemanager
2020-11-09 20:44:31,043 [INFO] PluginManage:342 - Loaded plugin filemanager (category:base,tabindex:10)
2020-11-09 20:44:31,043 [INFO] PluginManage:292 - Check plugin ipmanager
2020-11-09 20:44:31,051 [INFO] PluginManage:342 - Loaded plugin ipmanager (category:base,tabindex:5)
2020-11-09 20:44:31,051 [INFO] PluginManage:292 - Check plugin pinoutandconfiguration
2020-11-09 20:44:31,059 [INFO] PluginManage:342 - Loaded plugin pinoutandconfiguration (category:base,tabindex:1)
2020-11-09 20:44:31,060 [INFO] PluginManage:292 - Check plugin pinoutconfig
2020-11-09 20:44:31,085 [INFO] PluginManage:342 - Loaded plugin pinoutconfig (category:base,tabindex:0)
2020-11-09 20:44:31,086 [INFO] PluginManage:292 - Check plugin power
2020-11-09 20:44:31,095 [INFO] PluginManage:342 - Loaded plugin power (category:power,tabindex:4)
2020-11-09 20:44:31,096 [INFO] PluginManage:292 - Check plugin projectmanager
2020-11-09 20:44:31,111 [INFO] PluginManage:342 - Loaded plugin projectmanager (category:projectmanager,tabindex:3)
2020-11-09 20:44:31,111 [INFO] PluginManage:292 - Check plugin thirdparty
2020-11-09 20:44:31,158 [INFO] ThirdPartyDb:295 - Open Third Party DataBase File (C:/Users/matth/.stm32cubemx/plugins/thirdparty/db/thirdparties_db.xml) : 23 ms. number of Sw pack : 21
2020-11-09 20:44:31,166 [INFO] PluginManage:342 - Loaded plugin thirdparty (category:base,tabindex:-1)
2020-11-09 20:44:31,166 [INFO] PluginManage:292 - Check plugin tools
2020-11-09 20:44:31,168 [INFO] PluginManage:342 - Loaded plugin tools (category:base,tabindex:7)
2020-11-09 20:44:31,169 [INFO] PluginManage:292 - Check plugin tutovideos
2020-11-09 20:44:31,169 [INFO] PluginManage:347 - Ignore plugin tutovideos (category:base)
2020-11-09 20:44:31,169 [INFO] PluginManage:292 - Check plugin updater
2020-11-09 20:44:31,180 [INFO] PluginManage:342 - Loaded plugin updater (category:base,tabindex:12)
2020-11-09 20:44:31,181 [INFO] PluginManage:265 - PluginManage : Loaded plugins [12]
2020-11-09 20:44:31,375 [INFO] PinOutPanel:1420 - setPackage(No Configuration,No Configuration)
2020-11-09 20:44:31,450 [INFO] IPUIPlugin:65 - create IPUIPlugin
2020-11-09 20:44:31,450 [INFO] PluginManager:200 - loadIPPluginJar : add adc
2020-11-09 20:44:31,452 [INFO] IPUIPlugin:65 - create IPUIPlugin
2020-11-09 20:44:31,453 [INFO] PluginManager:200 - loadIPPluginJar : add aes
2020-11-09 20:44:31,454 [INFO] IPUIPlugin:65 - create IPUIPlugin
2020-11-09 20:44:31,455 [INFO] PluginManager:200 - loadIPPluginJar : add can
2020-11-09 20:44:31,456 [INFO] IPUIPlugin:65 - create IPUIPlugin
2020-11-09 20:44:31,456 [INFO] PluginManager:200 - loadIPPluginJar : add comp
2020-11-09 20:44:31,458 [INFO] IPUIPlugin:65 - create IPUIPlugin
2020-11-09 20:44:31,458 [INFO] PluginManager:200 - loadIPPluginJar : add cryp
2020-11-09 20:44:31,460 [INFO] IPUIPlugin:65 - create IPUIPlugin
2020-11-09 20:44:31,461 [INFO] PluginManager:200 - loadIPPluginJar : add dfsdm
2020-11-09 20:44:31,465 [INFO] IPUIPlugin:65 - create IPUIPlugin
2020-11-09 20:44:31,465 [INFO] PluginManager:200 - loadIPPluginJar : add dma
2020-11-09 20:44:31,467 [INFO] IPUIPlugin:65 - create IPUIPlugin
2020-11-09 20:44:31,467 [INFO] PluginManager:200 - loadIPPluginJar : add fatfs
2020-11-09 20:44:31,470 [INFO] IPUIPlugin:65 - create IPUIPlugin
2020-11-09 20:44:31,470 [INFO] PluginManager:200 - loadIPPluginJar : add fmc
2020-11-09 20:44:31,475 [INFO] IPUIPlugin:65 - create IPUIPlugin
2020-11-09 20:44:31,475 [INFO] PluginManager:200 - loadIPPluginJar : add freertos
2020-11-09 20:44:31,477 [INFO] IPUIPlugin:65 - create IPUIPlugin
2020-11-09 20:44:31,477 [INFO] PluginManager:200 - loadIPPluginJar : add genericplugin
2020-11-09 20:44:31,479 [INFO] IPUIPlugin:65 - create IPUIPlugin
2020-11-09 20:44:31,479 [INFO] PluginManager:200 - loadIPPluginJar : add gfxmmu
2020-11-09 20:44:31,483 [INFO] IPUIPlugin:65 - create IPUIPlugin
2020-11-09 20:44:31,484 [INFO] PluginManager:200 - loadIPPluginJar : add gic
2020-11-09 20:44:31,487 [INFO] IPUIPlugin:65 - create IPUIPlugin
2020-11-09 20:44:31,487 [INFO] PluginManager:200 - loadIPPluginJar : add gpio
2020-11-09 20:44:31,489 [INFO] IPUIPlugin:65 - create IPUIPlugin
2020-11-09 20:44:31,489 [INFO] PluginManager:200 - loadIPPluginJar : add gtzc
2020-11-09 20:44:31,491 [INFO] IPUIPlugin:65 - create IPUIPlugin
2020-11-09 20:44:31,491 [INFO] PluginManager:200 - loadIPPluginJar : add hash
2020-11-09 20:44:31,493 [INFO] IPUIPlugin:65 - create IPUIPlugin
2020-11-09 20:44:31,494 [INFO] PluginManager:200 - loadIPPluginJar : add i2c
2020-11-09 20:44:31,496 [INFO] IPUIPlugin:65 - create IPUIPlugin
2020-11-09 20:44:31,496 [INFO] PluginManager:200 - loadIPPluginJar : add i2s
2020-11-09 20:44:31,499 [INFO] IPUIPlugin:65 - create IPUIPlugin
2020-11-09 20:44:31,499 [INFO] PluginManager:200 - loadIPPluginJar : add ipddr
2020-11-09 20:44:31,500 [INFO] IPUIPlugin:65 - create IPUIPlugin
2020-11-09 20:44:31,500 [INFO] PluginManager:200 - loadIPPluginJar : add ltdc
2020-11-09 20:44:31,503 [INFO] IPUIPlugin:65 - create IPUIPlugin
2020-11-09 20:44:31,503 [INFO] PluginManager:200 - loadIPPluginJar : add mdma
2020-11-09 20:44:31,506 [INFO] IPUIPlugin:65 - create IPUIPlugin
2020-11-09 20:44:31,506 [INFO] PluginManager:200 - loadIPPluginJar : add nvic
2020-11-09 20:44:31,509 [INFO] IPUIPlugin:65 - create IPUIPlugin
2020-11-09 20:44:31,509 [INFO] PluginManager:200 - loadIPPluginJar : add opamp
2020-11-09 20:44:31,511 [INFO] IPUIPlugin:65 - create IPUIPlugin
2020-11-09 20:44:31,511 [INFO] PluginManager:200 - loadIPPluginJar : add pdm2pcm
2020-11-09 20:44:31,517 [INFO] IPUIPlugin:65 - create IPUIPlugin
2020-11-09 20:44:31,520 [INFO] PluginManager:200 - loadIPPluginJar : add plateformsettings
2020-11-09 20:44:31,521 [INFO] IPUIPlugin:65 - create IPUIPlugin
2020-11-09 20:44:31,521 [INFO] PluginManager:200 - loadIPPluginJar : add quadspi
2020-11-09 20:44:31,524 [INFO] IPUIPlugin:65 - create IPUIPlugin
2020-11-09 20:44:31,525 [INFO] PluginManager:200 - loadIPPluginJar : add resmgrutility
2020-11-09 20:44:31,527 [INFO] IPUIPlugin:65 - create IPUIPlugin
2020-11-09 20:44:31,527 [INFO] PluginManager:200 - loadIPPluginJar : add sai
2020-11-09 20:44:31,529 [INFO] IPUIPlugin:65 - create IPUIPlugin
2020-11-09 20:44:31,530 [INFO] PluginManager:200 - loadIPPluginJar : add spi
2020-11-09 20:44:31,533 [INFO] IPUIPlugin:65 - create IPUIPlugin
2020-11-09 20:44:31,533 [INFO] PluginManager:200 - loadIPPluginJar : add stm32_wpan
2020-11-09 20:44:31,542 [INFO] IPUIPlugin:65 - create IPUIPlugin
2020-11-09 20:44:31,542 [INFO] PluginManager:200 - loadIPPluginJar : add tim
2020-11-09 20:44:31,545 [INFO] IPUIPlugin:65 - create IPUIPlugin
2020-11-09 20:44:31,545 [INFO] PluginManager:200 - loadIPPluginJar : add touchsensing
2020-11-09 20:44:31,547 [INFO] IPUIPlugin:65 - create IPUIPlugin
2020-11-09 20:44:31,547 [INFO] PluginManager:200 - loadIPPluginJar : add tracer_emb
2020-11-09 20:44:31,549 [INFO] IPUIPlugin:65 - create IPUIPlugin
2020-11-09 20:44:31,550 [INFO] PluginManager:200 - loadIPPluginJar : add ts
2020-11-09 20:44:31,551 [INFO] IPUIPlugin:65 - create IPUIPlugin
2020-11-09 20:44:31,551 [INFO] PluginManager:200 - loadIPPluginJar : add tsc
2020-11-09 20:44:31,553 [INFO] IPUIPlugin:65 - create IPUIPlugin
2020-11-09 20:44:31,554 [INFO] PluginManager:200 - loadIPPluginJar : add ucpd
2020-11-09 20:44:31,556 [INFO] IPUIPlugin:65 - create IPUIPlugin
2020-11-09 20:44:31,557 [INFO] PluginManager:200 - loadIPPluginJar : add usart
2020-11-09 20:44:32,358 [INFO] BoardConnectionPanel:3472 - [DDR PANEL] STM32CubeIDE environment
2020-11-09 20:44:32,359 [INFO] MainDdrPanel:103 - [DDR PANEL] GETTER - cubeProgrammerPath is: null
2020-11-09 20:44:32,519 [FATAL] Updater:277 - Updater called before beeing initialized
2020-11-09 20:44:32,721 [FATAL] Updater:277 - Updater called before beeing initialized
2020-11-09 20:44:32,725 [INFO] PinOutPanel:1420 - setPackage(No Configuration,No Configuration)
2020-11-09 20:44:32,726 [FATAL] Updater:277 - Updater called before beeing initialized
2020-11-09 20:44:32,730 [INFO] BoardConnectionPanel:3472 - [DDR PANEL] STM32CubeIDE environment
2020-11-09 20:44:32,731 [INFO] MainDdrPanel:103 - [DDR PANEL] GETTER - cubeProgrammerPath is: C:\ST\STM32CubeIDE_1.3.0\STM32CubeIDE\plugins\com.st.stm32cube.ide.mcu.externaltools.cubeprogrammer.win32_1.3.0.202002181050\tools\bin
2020-11-09 20:44:32,735 [INFO] ProgrammerExecThread:148 - [ProgrammerAPI] CubeProgrammer command construction: C:\ST\STM32CubeIDE_1.3.0\STM32CubeIDE\plugins\com.st.stm32cube.ide.mcu.externaltools.cubeprogrammer.win32_1.3.0.202002181050\tools\bin\STM32_Programmer_CLI.exe -l
2020-11-09 20:44:32,845 [INFO] MainDdrPanel:93 - [DDR PANEL] SETTER - Set cubeProgrammerPath to: C:\ST\STM32CubeIDE_1.3.0\STM32CubeIDE\plugins\com.st.stm32cube.ide.mcu.externaltools.cubeprogrammer.win32_1.3.0.202002181050\tools\bin
2020-11-09 20:44:32,849 [INFO] Updater:886 - Updater Version found : 5.6.0
2020-11-09 20:44:32,862 [INFO] ApplicationProperties:181 - Using Application install path: C:\ST\STM32CubeIDE_1.3.0\STM32CubeIDE\plugins\com.st.stm32cube.common.mx_5.6.0.202002181639
2020-11-09 20:44:32,960 [INFO] MainUpdater:2230 - connection check result : 10
2020-11-09 20:44:32,961 [INFO] MainUpdater:236 - Updater Check For Update Now.
2020-11-09 20:44:32,961 [INFO] MicroXplorer:420 - Change Database Version : DB.5.0.60
2020-11-09 20:44:32,989 [INFO] CheckServerUpdateThread:92 - End of CheckServer Thread
2020-11-09 20:44:33,176 [INFO] MainUpdater:2230 - connection check result : 10
2020-11-09 20:44:33,260 [INFO] MicroXplorer:390 - Change Database Path : 
2020-11-09 20:44:33,261 [INFO] MicroXplorer:420 - Change Database Version : DB.5.0.60
2020-11-09 20:44:33,264 [INFO] PinOutPanel:1420 - setPackage(No Configuration,No Configuration)
2020-11-09 20:44:33,266 [INFO] UtilMem:74 - Begin LoadConfig() Used Memory: 201453880 Bytes (333447168)
2020-11-09 20:44:33,267 [INFO] MicroXplorer:390 - Change Database Path : 
2020-11-09 20:44:33,267 [INFO] MicroXplorer:420 - Change Database Version : DB.5.0.60
2020-11-09 20:44:33,267 [INFO] OpenFileManager:274 - Change cursor
2020-11-09 20:44:34,388 [INFO] ThirdPartyDb:261 - Close Third Party DataBase File (C:/Users/matth/.stm32cubemx/plugins/thirdparty/db/thirdparties_db.xml)
2020-11-09 20:44:34,437 [INFO] IntegrityCheckThread:98 - End integrity checks thread
2020-11-09 20:44:35,771 [INFO] ImportTextPane:162 - (OptionalMessage_ERROR) IP (RCC) : Parameter (RTCHSEDivFreq_Value) has invalid value (12500000)
2020-11-09 20:44:36,078 [INFO] UtilMem:74 - End LoadConfig() Used Memory: 484030320 Bytes (771751936)
2020-11-09 20:44:36,079 [INFO] DbMcusXml:110 - Load MCU database from C:\ST\STM32CubeIDE_1.3.0\STM32CubeIDE\plugins\com.st.stm32cube.common.mx_5.6.0.202002181639\\db\/mcu/families.xml
2020-11-09 20:44:36,707 [INFO] DbMcusJson:90 - JSON generation date=Thu Nov 05 11:05:07 EST 2020 (1604592307)
2020-11-09 20:44:37,377 [INFO] DbMcus:171 - Found 1670 MCUs (1625 are supported by CubeMX, 1625 are visible in CubeMX)
2020-11-09 20:44:37,377 [INFO] ApiDb:147 - User favorites file not found: C:\Users\matth/.stm32cubemx/favorites.mcus.txt
2020-11-09 20:44:37,377 [INFO] DbMcus:183 - Set 0 / 0 favorites MCUs
2020-11-09 20:44:37,390 [INFO] ThirdPartyDb:295 - Open Third Party DataBase File (C:/Users/matth/.stm32cubemx/plugins/thirdparty/db/thirdparties_db.xml) : 5 ms. number of Sw pack : 21
2020-11-09 20:44:37,406 [INFO] DependencyParser:785 - This component is not compatible with the current MCU : [1582599055876]
2020-11-09 20:44:37,407 [INFO] ThirdPartyModel:521 - Component with status : MCU_INCOMPATIBLE for condition : OS Tick GTIM id : 1582599055203
2020-11-09 20:44:37,407 [INFO] DependencyParser:785 - This component is not compatible with the current MCU : [1582599058452, 1582599055959]
2020-11-09 20:44:37,492 [INFO] ThirdParty:899 - CMSIS Pack Vendor :STMicroelectronics X-CUBE-BLE1 5.0.0
2020-11-09 20:44:37,493 [INFO] ThirdParty:899 - CMSIS Pack Vendor :STMicroelectronics X-CUBE-SUBG2 1.1.0
2020-11-09 20:44:37,493 [INFO] ThirdParty:899 - CMSIS Pack Vendor :STMicroelectronics X-CUBE-GNSS1 4.1.0
2020-11-09 20:44:37,493 [INFO] ThirdParty:899 - CMSIS Pack Vendor :ARM CMSIS 5.6.0
2020-11-09 20:44:37,493 [INFO] ThirdParty:899 - CMSIS Pack Vendor :STMicroelectronics X-CUBE-NFC4 1.5.1
2020-11-09 20:44:37,493 [INFO] ThirdParty:899 - CMSIS Pack Vendor :STMicroelectronics X-CUBE-MEMS1 8.1.1
2020-11-09 20:44:37,493 [INFO] ThirdParty:899 - CMSIS Pack Vendor :STMicroelectronics FreeRTOS 0.0.1
2020-11-09 20:44:37,493 [INFO] ThirdParty:899 - CMSIS Pack Vendor :STMicroelectronics X-CUBE-ALGOBUILD 1.0.0
2020-11-09 20:44:37,493 [INFO] ThirdParty:899 - CMSIS Pack Vendor :STMicroelectronics X-CUBE-ALGOBUILD 1.1.0
2020-11-09 20:44:37,494 [INFO] ThirdParty:899 - CMSIS Pack Vendor :STMicroelectronics X-CUBE-GNSS1 5.0.0
2020-11-09 20:44:37,494 [INFO] ThirdParty:899 - CMSIS Pack Vendor :STMicroelectronics X-CUBE-SUBG2 2.0.0
2020-11-09 20:44:37,494 [INFO] ThirdParty:899 - CMSIS Pack Vendor :STMicroelectronics X-CUBE-MEMS1 7.0.0
2020-11-09 20:44:37,494 [INFO] ThirdParty:899 - CMSIS Pack Vendor :STMicroelectronics X-CUBE-BLE1 6.0.0
2020-11-09 20:44:37,494 [INFO] ThirdParty:899 - CMSIS Pack Vendor :STMicroelectronics X-CUBE-TOUCHGFX 4.13.0
2020-11-09 20:44:37,494 [INFO] ThirdParty:899 - CMSIS Pack Vendor :STMicroelectronics X-CUBE-TOUCHGFX 4.15.0
2020-11-09 20:44:37,494 [INFO] ThirdParty:899 - CMSIS Pack Vendor :STMicroelectronics X-CUBE-AI 5.2.0
2020-11-09 20:44:37,494 [INFO] ThirdParty:899 - CMSIS Pack Vendor :STMicroelectronics X-CUBE-BLE2 3.0.0
2020-11-09 20:44:37,494 [INFO] ThirdParty:899 - CMSIS Pack Vendor :STMicroelectronics X-CUBE-NFC4 2.0.0
2020-11-09 20:44:37,494 [INFO] ThirdParty:899 - CMSIS Pack Vendor :STMicroelectronics X-CUBE-AI 5.0.0
2020-11-09 20:44:37,495 [INFO] ThirdParty:899 - CMSIS Pack Vendor :STMicroelectronics X-CUBE-BLE2 1.0.0
2020-11-09 20:44:37,764 [INFO] PinOutPanel:1420 - setPackage(No Configuration,No Configuration)
2020-11-09 20:44:37,766 [INFO] PinOutPanel:1420 - setPackage(STM32F405RGTx,LQFP64)
2020-11-09 20:44:38,068 [INFO] UtilMem:74 - Before build in PCC Used Memory: 582524112 Bytes (796917760)
2020-11-09 20:44:38,410 [INFO] SharedServices:71 - Folder for power plug-in: C:/Users/matth/.stm32cubemx/plugins/power
2020-11-09 20:44:38,453 [INFO] SharedServices:71 - Folder for power plug-in: C:/Users/matth/.stm32cubemx/plugins/power
2020-11-09 20:44:38,492 [INFO] SharedServices:71 - Folder for power plug-in: C:/Users/matth/.stm32cubemx/plugins/power
2020-11-09 20:44:38,496 [INFO] SharedServices:71 - Folder for power plug-in: C:/Users/matth/.stm32cubemx/plugins/power
2020-11-09 20:44:38,665 [INFO] UtilMem:74 - After build in PCC Used Memory: 642292944 Bytes (796917760)
2020-11-09 20:44:38,683 [INFO] IPUIPlugin:65 - create IPUIPlugin
2020-11-09 20:44:38,684 [INFO] IPUIPlugin:65 - create IPUIPlugin
2020-11-09 20:44:38,684 [INFO] IPUIPlugin:65 - create IPUIPlugin
2020-11-09 20:44:38,684 [INFO] IPUIPlugin:65 - create IPUIPlugin
2020-11-09 20:44:38,684 [INFO] IPUIPlugin:65 - create IPUIPlugin
2020-11-09 20:44:38,685 [INFO] IPUIPlugin:65 - create IPUIPlugin
2020-11-09 20:44:38,685 [INFO] IPUIPlugin:65 - create IPUIPlugin
2020-11-09 20:44:38,685 [INFO] IPUIPlugin:65 - create IPUIPlugin
2020-11-09 20:44:38,685 [INFO] IPUIPlugin:65 - create IPUIPlugin
2020-11-09 20:44:38,685 [INFO] IPUIPlugin:65 - create IPUIPlugin
2020-11-09 20:44:38,685 [INFO] IPUIPlugin:65 - create IPUIPlugin
2020-11-09 20:44:38,686 [INFO] IPUIPlugin:65 - create IPUIPlugin
2020-11-09 20:44:38,686 [INFO] IPUIPlugin:65 - create IPUIPlugin
2020-11-09 20:44:38,686 [INFO] IPUIPlugin:65 - create IPUIPlugin
2020-11-09 20:44:38,686 [INFO] IPUIPlugin:65 - create IPUIPlugin
2020-11-09 20:44:38,686 [INFO] IPUIPlugin:65 - create IPUIPlugin
2020-11-09 20:44:38,686 [INFO] IPUIPlugin:65 - create IPUIPlugin
2020-11-09 20:44:38,687 [INFO] IPUIPlugin:65 - create IPUIPlugin
2020-11-09 20:44:38,687 [INFO] IPUIPlugin:65 - create IPUIPlugin
2020-11-09 20:44:38,687 [INFO] IPUIPlugin:65 - create IPUIPlugin
2020-11-09 20:44:38,687 [INFO] IPUIPlugin:65 - create IPUIPlugin
2020-11-09 20:44:38,687 [INFO] IPUIPlugin:65 - create IPUIPlugin
2020-11-09 20:44:38,687 [INFO] IPUIPlugin:65 - create IPUIPlugin
2020-11-09 20:44:38,688 [INFO] IPUIPlugin:65 - create IPUIPlugin
2020-11-09 20:44:38,688 [INFO] IPUIPlugin:65 - create IPUIPlugin
2020-11-09 20:44:38,688 [INFO] IPUIPlugin:65 - create IPUIPlugin
2020-11-09 20:44:38,688 [INFO] IPUIPlugin:65 - create IPUIPlugin
2020-11-09 20:44:38,688 [INFO] IPUIPlugin:65 - create IPUIPlugin
2020-11-09 20:44:38,688 [INFO] IPUIPlugin:65 - create IPUIPlugin
2020-11-09 20:44:38,689 [INFO] IPUIPlugin:65 - create IPUIPlugin
2020-11-09 20:44:38,689 [INFO] IPUIPlugin:65 - create IPUIPlugin
2020-11-09 20:44:38,689 [INFO] IPUIPlugin:65 - create IPUIPlugin
2020-11-09 20:44:38,689 [INFO] IPUIPlugin:65 - create IPUIPlugin
2020-11-09 20:44:38,689 [INFO] IPUIPlugin:65 - create IPUIPlugin
2020-11-09 20:44:38,690 [INFO] IPUIPlugin:65 - create IPUIPlugin
2020-11-09 20:44:38,690 [INFO] IPUIPlugin:65 - create IPUIPlugin
2020-11-09 20:44:38,690 [INFO] IPUIPlugin:65 - create IPUIPlugin
2020-11-09 20:44:38,690 [INFO] IPUIPlugin:65 - create IPUIPlugin
2020-11-09 20:44:38,690 [INFO] IPUIPlugin:65 - create IPUIPlugin
2020-11-09 20:44:38,690 [INFO] IPUIPlugin:65 - create IPUIPlugin
2020-11-09 20:44:38,691 [INFO] IPUIPlugin:65 - create IPUIPlugin
2020-11-09 20:44:38,691 [INFO] IPUIPlugin:65 - create IPUIPlugin
2020-11-09 20:44:38,691 [INFO] IPUIPlugin:65 - create IPUIPlugin
2020-11-09 20:44:38,691 [INFO] IPUIPlugin:65 - create IPUIPlugin
2020-11-09 20:44:38,691 [INFO] IPUIPlugin:65 - create IPUIPlugin
2020-11-09 20:44:38,691 [INFO] IPUIPlugin:65 - create IPUIPlugin
2020-11-09 20:44:38,692 [INFO] IPUIPlugin:65 - create IPUIPlugin
2020-11-09 20:44:38,692 [INFO] IPUIPlugin:65 - create IPUIPlugin
2020-11-09 20:44:38,692 [INFO] IPUIPlugin:65 - create IPUIPlugin
2020-11-09 20:44:38,692 [INFO] IPUIPlugin:65 - create IPUIPlugin
2020-11-09 20:44:38,692 [INFO] IPUIPlugin:65 - create IPUIPlugin
2020-11-09 20:44:38,693 [INFO] IPUIPlugin:65 - create IPUIPlugin
2020-11-09 20:44:38,693 [INFO] IPUIPlugin:65 - create IPUIPlugin
2020-11-09 20:44:38,693 [INFO] IPUIPlugin:65 - create IPUIPlugin
2020-11-09 20:44:38,715 [INFO] LogOutputStream:76 - [STDOUT_REDIRECT] toolchainItems.length=====1
2020-11-09 20:44:38,796 [INFO] OpenFileManager:294 - Restore cursor
